{"C:\\Users\\GeorgioHayek\\Desktop\\Applications\\finders-system\\finders-crm\\backend\\config\\db.js": {"path":"C:\\Users\\GeorgioHayek\\Desktop\\Applications\\finders-system\\finders-crm\\backend\\config\\db.js","statementMap":{"0":{"start":{"line":1,"column":17},"end":{"line":1,"column":30}},"1":{"start":{"line":2,"column":0},"end":{"line":2,"column":27}},"2":{"start":{"line":4,"column":21},"end":{"line":4,"column":47}},"3":{"start":{"line":6,"column":13},"end":{"line":28,"column":1}},"4":{"start":{"line":30,"column":0},"end":{"line":30,"column":22}}},"fnMap":{},"branchMap":{"0":{"loc":{"start":{"line":7,"column":2},"end":{"line":27,"column":7}},"type":"cond-expr","locations":[{"start":{"line":8,"column":6},"end":{"line":17,"column":7}},{"start":{"line":18,"column":6},"end":{"line":27,"column":7}}],"line":7},"1":{"loc":{"start":{"line":19,"column":14},"end":{"line":19,"column":48}},"type":"binary-expr","locations":[{"start":{"line":19,"column":14},"end":{"line":19,"column":33}},{"start":{"line":19,"column":37},"end":{"line":19,"column":48}}],"line":19},"2":{"loc":{"start":{"line":20,"column":14},"end":{"line":20,"column":47}},"type":"binary-expr","locations":[{"start":{"line":20,"column":14},"end":{"line":20,"column":33}},{"start":{"line":20,"column":37},"end":{"line":20,"column":47}}],"line":20},"3":{"loc":{"start":{"line":21,"column":12},"end":{"line":21,"column":76}},"type":"binary-expr","locations":[{"start":{"line":21,"column":12},"end":{"line":21,"column":35}},{"start":{"line":21,"column":39},"end":{"line":21,"column":76}}],"line":21},"4":{"loc":{"start":{"line":22,"column":18},"end":{"line":22,"column":53}},"type":"binary-expr","locations":[{"start":{"line":22,"column":18},"end":{"line":22,"column":37}},{"start":{"line":22,"column":41},"end":{"line":22,"column":53}}],"line":22},"5":{"loc":{"start":{"line":23,"column":14},"end":{"line":23,"column":41}},"type":"binary-expr","locations":[{"start":{"line":23,"column":14},"end":{"line":23,"column":33}},{"start":{"line":23,"column":37},"end":{"line":23,"column":41}}],"line":23}},"s":{"0":5,"1":5,"2":5,"3":5,"4":5},"f":{},"b":{"0":[0,5],"1":[5,0],"2":[5,0],"3":[5,5],"4":[5,0],"5":[5,0]},"_coverageSchema":"1a1c01bbd47fc00a2c39e90264f33305004495a9","hash":"813b626f92c4f9f46dccacbce6c52e142f9ab4c0"}
,"C:\\Users\\GeorgioHayek\\Desktop\\Applications\\finders-system\\finders-crm\\backend\\controllers\\dcsrReportsController.js": {"path":"C:\\Users\\GeorgioHayek\\Desktop\\Applications\\finders-system\\finders-crm\\backend\\controllers\\dcsrReportsController.js","statementMap":{"0":{"start":{"line":4,"column":25},"end":{"line":4,"column":62}},"1":{"start":{"line":5,"column":47},"end":{"line":5,"column":85}},"2":{"start":{"line":12,"column":2},"end":{"line":37,"column":3}},"3":{"start":{"line":13,"column":70},"end":{"line":13,"column":79}},"4":{"start":{"line":15,"column":20},"end":{"line":15,"column":22}},"5":{"start":{"line":16,"column":4},"end":{"line":16,"column":52}},"6":{"start":{"line":16,"column":20},"end":{"line":16,"column":52}},"7":{"start":{"line":17,"column":4},"end":{"line":17,"column":46}},"8":{"start":{"line":17,"column":18},"end":{"line":17,"column":46}},"9":{"start":{"line":18,"column":4},"end":{"line":18,"column":49}},"10":{"start":{"line":18,"column":19},"end":{"line":18,"column":49}},"11":{"start":{"line":19,"column":4},"end":{"line":19,"column":43}},"12":{"start":{"line":19,"column":17},"end":{"line":19,"column":43}},"13":{"start":{"line":20,"column":4},"end":{"line":20,"column":51}},"14":{"start":{"line":20,"column":15},"end":{"line":20,"column":51}},"15":{"start":{"line":21,"column":4},"end":{"line":21,"column":48}},"16":{"start":{"line":21,"column":14},"end":{"line":21,"column":48}},"17":{"start":{"line":23,"column":20},"end":{"line":23,"column":69}},"18":{"start":{"line":25,"column":4},"end":{"line":29,"column":7}},"19":{"start":{"line":31,"column":4},"end":{"line":31,"column":57}},"20":{"start":{"line":32,"column":4},"end":{"line":36,"column":7}},"21":{"start":{"line":45,"column":2},"end":{"line":69,"column":3}},"22":{"start":{"line":46,"column":19},"end":{"line":46,"column":29}},"23":{"start":{"line":48,"column":19},"end":{"line":48,"column":73}},"24":{"start":{"line":50,"column":4},"end":{"line":55,"column":5}},"25":{"start":{"line":51,"column":6},"end":{"line":54,"column":9}},"26":{"start":{"line":57,"column":4},"end":{"line":61,"column":7}},"27":{"start":{"line":63,"column":4},"end":{"line":63,"column":56}},"28":{"start":{"line":64,"column":4},"end":{"line":68,"column":7}},"29":{"start":{"line":77,"column":2},"end":{"line":128,"column":3}},"30":{"start":{"line":78,"column":37},"end":{"line":78,"column":45}},"31":{"start":{"line":81,"column":4},"end":{"line":86,"column":5}},"32":{"start":{"line":82,"column":6},"end":{"line":85,"column":9}},"33":{"start":{"line":88,"column":22},"end":{"line":88,"column":42}},"34":{"start":{"line":89,"column":20},"end":{"line":89,"column":38}},"35":{"start":{"line":91,"column":4},"end":{"line":96,"column":5}},"36":{"start":{"line":92,"column":6},"end":{"line":95,"column":9}},"37":{"start":{"line":98,"column":4},"end":{"line":103,"column":5}},"38":{"start":{"line":99,"column":6},"end":{"line":102,"column":9}},"39":{"start":{"line":105,"column":22},"end":{"line":105,"column":33}},"40":{"start":{"line":106,"column":19},"end":{"line":106,"column":79}},"41":{"start":{"line":108,"column":4},"end":{"line":112,"column":7}},"42":{"start":{"line":114,"column":4},"end":{"line":114,"column":56}},"43":{"start":{"line":116,"column":4},"end":{"line":121,"column":5}},"44":{"start":{"line":117,"column":6},"end":{"line":120,"column":9}},"45":{"start":{"line":123,"column":4},"end":{"line":127,"column":7}},"46":{"start":{"line":136,"column":2},"end":{"line":163,"column":3}},"47":{"start":{"line":137,"column":19},"end":{"line":137,"column":29}},"48":{"start":{"line":138,"column":23},"end":{"line":138,"column":31}},"49":{"start":{"line":141,"column":27},"end":{"line":141,"column":81}},"50":{"start":{"line":142,"column":4},"end":{"line":147,"column":5}},"51":{"start":{"line":143,"column":6},"end":{"line":146,"column":9}},"52":{"start":{"line":149,"column":26},"end":{"line":149,"column":91}},"53":{"start":{"line":151,"column":4},"end":{"line":155,"column":7}},"54":{"start":{"line":157,"column":4},"end":{"line":157,"column":56}},"55":{"start":{"line":158,"column":4},"end":{"line":162,"column":7}},"56":{"start":{"line":171,"column":2},"end":{"line":197,"column":3}},"57":{"start":{"line":172,"column":19},"end":{"line":172,"column":29}},"58":{"start":{"line":175,"column":27},"end":{"line":175,"column":81}},"59":{"start":{"line":176,"column":4},"end":{"line":181,"column":5}},"60":{"start":{"line":177,"column":6},"end":{"line":180,"column":9}},"61":{"start":{"line":183,"column":31},"end":{"line":183,"column":89}},"62":{"start":{"line":185,"column":4},"end":{"line":189,"column":7}},"63":{"start":{"line":191,"column":4},"end":{"line":191,"column":61}},"64":{"start":{"line":192,"column":4},"end":{"line":196,"column":7}},"65":{"start":{"line":205,"column":2},"end":{"line":237,"column":3}},"66":{"start":{"line":206,"column":19},"end":{"line":206,"column":29}},"67":{"start":{"line":209,"column":27},"end":{"line":209,"column":81}},"68":{"start":{"line":210,"column":4},"end":{"line":215,"column":5}},"69":{"start":{"line":211,"column":6},"end":{"line":214,"column":9}},"70":{"start":{"line":217,"column":20},"end":{"line":217,"column":73}},"71":{"start":{"line":219,"column":4},"end":{"line":229,"column":5}},"72":{"start":{"line":220,"column":6},"end":{"line":223,"column":9}},"73":{"start":{"line":225,"column":6},"end":{"line":228,"column":9}},"74":{"start":{"line":231,"column":4},"end":{"line":231,"column":56}},"75":{"start":{"line":232,"column":4},"end":{"line":236,"column":7}},"76":{"start":{"line":245,"column":2},"end":{"line":281,"column":3}},"77":{"start":{"line":246,"column":19},"end":{"line":246,"column":29}},"78":{"start":{"line":247,"column":4},"end":{"line":247,"column":58}},"79":{"start":{"line":249,"column":19},"end":{"line":249,"column":73}},"80":{"start":{"line":251,"column":4},"end":{"line":256,"column":5}},"81":{"start":{"line":252,"column":6},"end":{"line":255,"column":9}},"82":{"start":{"line":258,"column":19},"end":{"line":258,"column":50}},"83":{"start":{"line":260,"column":29},"end":{"line":265,"column":5}},"84":{"start":{"line":261,"column":20},"end":{"line":261,"column":112}},"85":{"start":{"line":262,"column":18},"end":{"line":262,"column":102}},"86":{"start":{"line":263,"column":24},"end":{"line":263,"column":109}},"87":{"start":{"line":264,"column":6},"end":{"line":264,"column":114}},"88":{"start":{"line":267,"column":21},"end":{"line":267,"column":61}},"89":{"start":{"line":269,"column":4},"end":{"line":269,"column":103}},"90":{"start":{"line":270,"column":4},"end":{"line":270,"column":79}},"91":{"start":{"line":271,"column":4},"end":{"line":271,"column":21}},"92":{"start":{"line":273,"column":4},"end":{"line":273,"column":64}},"93":{"start":{"line":275,"column":4},"end":{"line":275,"column":68}},"94":{"start":{"line":276,"column":4},"end":{"line":280,"column":7}},"95":{"start":{"line":289,"column":2},"end":{"line":325,"column":3}},"96":{"start":{"line":290,"column":19},"end":{"line":290,"column":29}},"97":{"start":{"line":291,"column":4},"end":{"line":291,"column":56}},"98":{"start":{"line":293,"column":19},"end":{"line":293,"column":73}},"99":{"start":{"line":295,"column":4},"end":{"line":300,"column":5}},"100":{"start":{"line":296,"column":6},"end":{"line":299,"column":9}},"101":{"start":{"line":302,"column":19},"end":{"line":302,"column":48}},"102":{"start":{"line":304,"column":29},"end":{"line":309,"column":5}},"103":{"start":{"line":305,"column":20},"end":{"line":305,"column":112}},"104":{"start":{"line":306,"column":18},"end":{"line":306,"column":102}},"105":{"start":{"line":307,"column":24},"end":{"line":307,"column":109}},"106":{"start":{"line":308,"column":6},"end":{"line":308,"column":114}},"107":{"start":{"line":311,"column":21},"end":{"line":311,"column":60}},"108":{"start":{"line":313,"column":4},"end":{"line":313,"column":53}},"109":{"start":{"line":314,"column":4},"end":{"line":314,"column":79}},"110":{"start":{"line":315,"column":4},"end":{"line":315,"column":21}},"111":{"start":{"line":317,"column":4},"end":{"line":317,"column":62}},"112":{"start":{"line":319,"column":4},"end":{"line":319,"column":66}},"113":{"start":{"line":320,"column":4},"end":{"line":324,"column":7}},"114":{"start":{"line":328,"column":0},"end":{"line":337,"column":2}}},"fnMap":{"0":{"name":"getAllDCSRReports","decl":{"start":{"line":11,"column":15},"end":{"line":11,"column":32}},"loc":{"start":{"line":11,"column":43},"end":{"line":38,"column":1}},"line":11},"1":{"name":"getDCSRReportById","decl":{"start":{"line":44,"column":15},"end":{"line":44,"column":32}},"loc":{"start":{"line":44,"column":43},"end":{"line":70,"column":1}},"line":44},"2":{"name":"createDCSRReport","decl":{"start":{"line":76,"column":15},"end":{"line":76,"column":31}},"loc":{"start":{"line":76,"column":42},"end":{"line":129,"column":1}},"line":76},"3":{"name":"updateDCSRReport","decl":{"start":{"line":135,"column":15},"end":{"line":135,"column":31}},"loc":{"start":{"line":135,"column":42},"end":{"line":164,"column":1}},"line":135},"4":{"name":"recalculateDCSRReport","decl":{"start":{"line":170,"column":15},"end":{"line":170,"column":36}},"loc":{"start":{"line":170,"column":47},"end":{"line":198,"column":1}},"line":170},"5":{"name":"deleteDCSRReport","decl":{"start":{"line":204,"column":15},"end":{"line":204,"column":31}},"loc":{"start":{"line":204,"column":42},"end":{"line":238,"column":1}},"line":204},"6":{"name":"exportDCSRReportToExcel","decl":{"start":{"line":244,"column":15},"end":{"line":244,"column":38}},"loc":{"start":{"line":244,"column":49},"end":{"line":282,"column":1}},"line":244},"7":{"name":"(anonymous_7)","decl":{"start":{"line":260,"column":29},"end":{"line":260,"column":30}},"loc":{"start":{"line":260,"column":35},"end":{"line":265,"column":5}},"line":260},"8":{"name":"exportDCSRReportToPDF","decl":{"start":{"line":288,"column":15},"end":{"line":288,"column":36}},"loc":{"start":{"line":288,"column":47},"end":{"line":326,"column":1}},"line":288},"9":{"name":"(anonymous_9)","decl":{"start":{"line":304,"column":29},"end":{"line":304,"column":30}},"loc":{"start":{"line":304,"column":35},"end":{"line":309,"column":5}},"line":304}},"branchMap":{"0":{"loc":{"start":{"line":16,"column":4},"end":{"line":16,"column":52}},"type":"if","locations":[{"start":{"line":16,"column":4},"end":{"line":16,"column":52}},{"start":{},"end":{}}],"line":16},"1":{"loc":{"start":{"line":17,"column":4},"end":{"line":17,"column":46}},"type":"if","locations":[{"start":{"line":17,"column":4},"end":{"line":17,"column":46}},{"start":{},"end":{}}],"line":17},"2":{"loc":{"start":{"line":18,"column":4},"end":{"line":18,"column":49}},"type":"if","locations":[{"start":{"line":18,"column":4},"end":{"line":18,"column":49}},{"start":{},"end":{}}],"line":18},"3":{"loc":{"start":{"line":19,"column":4},"end":{"line":19,"column":43}},"type":"if","locations":[{"start":{"line":19,"column":4},"end":{"line":19,"column":43}},{"start":{},"end":{}}],"line":19},"4":{"loc":{"start":{"line":20,"column":4},"end":{"line":20,"column":51}},"type":"if","locations":[{"start":{"line":20,"column":4},"end":{"line":20,"column":51}},{"start":{},"end":{}}],"line":20},"5":{"loc":{"start":{"line":21,"column":4},"end":{"line":21,"column":48}},"type":"if","locations":[{"start":{"line":21,"column":4},"end":{"line":21,"column":48}},{"start":{},"end":{}}],"line":21},"6":{"loc":{"start":{"line":50,"column":4},"end":{"line":55,"column":5}},"type":"if","locations":[{"start":{"line":50,"column":4},"end":{"line":55,"column":5}},{"start":{},"end":{}}],"line":50},"7":{"loc":{"start":{"line":81,"column":4},"end":{"line":86,"column":5}},"type":"if","locations":[{"start":{"line":81,"column":4},"end":{"line":86,"column":5}},{"start":{},"end":{}}],"line":81},"8":{"loc":{"start":{"line":81,"column":8},"end":{"line":81,"column":32}},"type":"binary-expr","locations":[{"start":{"line":81,"column":8},"end":{"line":81,"column":19}},{"start":{"line":81,"column":23},"end":{"line":81,"column":32}}],"line":81},"9":{"loc":{"start":{"line":91,"column":4},"end":{"line":96,"column":5}},"type":"if","locations":[{"start":{"line":91,"column":4},"end":{"line":96,"column":5}},{"start":{},"end":{}}],"line":91},"10":{"loc":{"start":{"line":91,"column":8},"end":{"line":91,"column":76}},"type":"binary-expr","locations":[{"start":{"line":91,"column":8},"end":{"line":91,"column":41}},{"start":{"line":91,"column":45},"end":{"line":91,"column":76}}],"line":91},"11":{"loc":{"start":{"line":98,"column":4},"end":{"line":103,"column":5}},"type":"if","locations":[{"start":{"line":98,"column":4},"end":{"line":103,"column":5}},{"start":{},"end":{}}],"line":98},"12":{"loc":{"start":{"line":116,"column":4},"end":{"line":121,"column":5}},"type":"if","locations":[{"start":{"line":116,"column":4},"end":{"line":121,"column":5}},{"start":{},"end":{}}],"line":116},"13":{"loc":{"start":{"line":116,"column":8},"end":{"line":116,"column":75}},"type":"binary-expr","locations":[{"start":{"line":116,"column":8},"end":{"line":116,"column":49}},{"start":{"line":116,"column":53},"end":{"line":116,"column":75}}],"line":116},"14":{"loc":{"start":{"line":142,"column":4},"end":{"line":147,"column":5}},"type":"if","locations":[{"start":{"line":142,"column":4},"end":{"line":147,"column":5}},{"start":{},"end":{}}],"line":142},"15":{"loc":{"start":{"line":176,"column":4},"end":{"line":181,"column":5}},"type":"if","locations":[{"start":{"line":176,"column":4},"end":{"line":181,"column":5}},{"start":{},"end":{}}],"line":176},"16":{"loc":{"start":{"line":210,"column":4},"end":{"line":215,"column":5}},"type":"if","locations":[{"start":{"line":210,"column":4},"end":{"line":215,"column":5}},{"start":{},"end":{}}],"line":210},"17":{"loc":{"start":{"line":219,"column":4},"end":{"line":229,"column":5}},"type":"if","locations":[{"start":{"line":219,"column":4},"end":{"line":229,"column":5}},{"start":{"line":224,"column":11},"end":{"line":229,"column":5}}],"line":219},"18":{"loc":{"start":{"line":251,"column":4},"end":{"line":256,"column":5}},"type":"if","locations":[{"start":{"line":251,"column":4},"end":{"line":256,"column":5}},{"start":{},"end":{}}],"line":251},"19":{"loc":{"start":{"line":261,"column":20},"end":{"line":261,"column":112}},"type":"cond-expr","locations":[{"start":{"line":261,"column":40},"end":{"line":261,"column":67}},{"start":{"line":261,"column":70},"end":{"line":261,"column":112}}],"line":261},"20":{"loc":{"start":{"line":262,"column":18},"end":{"line":262,"column":102}},"type":"cond-expr","locations":[{"start":{"line":262,"column":36},"end":{"line":262,"column":61}},{"start":{"line":262,"column":64},"end":{"line":262,"column":102}}],"line":262},"21":{"loc":{"start":{"line":279,"column":13},"end":{"line":279,"column":93}},"type":"cond-expr","locations":[{"start":{"line":279,"column":54},"end":{"line":279,"column":67}},{"start":{"line":279,"column":70},"end":{"line":279,"column":93}}],"line":279},"22":{"loc":{"start":{"line":295,"column":4},"end":{"line":300,"column":5}},"type":"if","locations":[{"start":{"line":295,"column":4},"end":{"line":300,"column":5}},{"start":{},"end":{}}],"line":295},"23":{"loc":{"start":{"line":305,"column":20},"end":{"line":305,"column":112}},"type":"cond-expr","locations":[{"start":{"line":305,"column":40},"end":{"line":305,"column":67}},{"start":{"line":305,"column":70},"end":{"line":305,"column":112}}],"line":305},"24":{"loc":{"start":{"line":306,"column":18},"end":{"line":306,"column":102}},"type":"cond-expr","locations":[{"start":{"line":306,"column":36},"end":{"line":306,"column":61}},{"start":{"line":306,"column":64},"end":{"line":306,"column":102}}],"line":306},"25":{"loc":{"start":{"line":323,"column":13},"end":{"line":323,"column":93}},"type":"cond-expr","locations":[{"start":{"line":323,"column":54},"end":{"line":323,"column":67}},{"start":{"line":323,"column":70},"end":{"line":323,"column":93}}],"line":323}},"s":{"0":1,"1":1,"2":5,"3":5,"4":5,"5":5,"6":1,"7":5,"8":1,"9":5,"10":1,"11":5,"12":1,"13":5,"14":1,"15":5,"16":1,"17":5,"18":4,"19":1,"20":1,"21":3,"22":3,"23":3,"24":2,"25":1,"26":1,"27":1,"28":1,"29":7,"30":7,"31":7,"32":2,"33":5,"34":5,"35":5,"36":1,"37":4,"38":1,"39":3,"40":3,"41":1,"42":2,"43":2,"44":1,"45":1,"46":3,"47":3,"48":3,"49":3,"50":3,"51":1,"52":2,"53":1,"54":1,"55":1,"56":3,"57":3,"58":3,"59":3,"60":1,"61":2,"62":1,"63":1,"64":1,"65":4,"66":4,"67":4,"68":4,"69":1,"70":3,"71":2,"72":1,"73":1,"74":1,"75":1,"76":0,"77":0,"78":0,"79":0,"80":0,"81":0,"82":0,"83":0,"84":0,"85":0,"86":0,"87":0,"88":0,"89":0,"90":0,"91":0,"92":0,"93":0,"94":0,"95":0,"96":0,"97":0,"98":0,"99":0,"100":0,"101":0,"102":0,"103":0,"104":0,"105":0,"106":0,"107":0,"108":0,"109":0,"110":0,"111":0,"112":0,"113":0,"114":1},"f":{"0":5,"1":3,"2":7,"3":3,"4":3,"5":4,"6":0,"7":0,"8":0,"9":0},"b":{"0":[1,4],"1":[1,4],"2":[1,4],"3":[1,4],"4":[1,4],"5":[1,4],"6":[1,1],"7":[2,5],"8":[7,6],"9":[1,4],"10":[5,4],"11":[1,3],"12":[1,1],"13":[2,1],"14":[1,2],"15":[1,2],"16":[1,3],"17":[1,1],"18":[0,0],"19":[0,0],"20":[0,0],"21":[0,0],"22":[0,0],"23":[0,0],"24":[0,0],"25":[0,0]},"_coverageSchema":"1a1c01bbd47fc00a2c39e90264f33305004495a9","hash":"32903081d95f54457761f5dabe298999a91561df"}
,"C:\\Users\\GeorgioHayek\\Desktop\\Applications\\finders-system\\finders-crm\\backend\\controllers\\operationsCommissionController.js": {"path":"C:\\Users\\GeorgioHayek\\Desktop\\Applications\\finders-system\\finders-crm\\backend\\controllers\\operationsCommissionController.js","statementMap":{"0":{"start":{"line":4,"column":34},"end":{"line":4,"column":80}},"1":{"start":{"line":5,"column":79},"end":{"line":5,"column":127}},"2":{"start":{"line":12,"column":2},"end":{"line":47,"column":3}},"3":{"start":{"line":13,"column":4},"end":{"line":13,"column":64}},"4":{"start":{"line":14,"column":70},"end":{"line":14,"column":79}},"5":{"start":{"line":16,"column":20},"end":{"line":16,"column":22}},"6":{"start":{"line":17,"column":4},"end":{"line":17,"column":52}},"7":{"start":{"line":17,"column":20},"end":{"line":17,"column":52}},"8":{"start":{"line":18,"column":4},"end":{"line":18,"column":46}},"9":{"start":{"line":18,"column":18},"end":{"line":18,"column":46}},"10":{"start":{"line":21,"column":4},"end":{"line":23,"column":5}},"11":{"start":{"line":22,"column":6},"end":{"line":22,"column":37}},"12":{"start":{"line":24,"column":4},"end":{"line":26,"column":5}},"13":{"start":{"line":25,"column":6},"end":{"line":25,"column":33}},"14":{"start":{"line":28,"column":4},"end":{"line":28,"column":51}},"15":{"start":{"line":28,"column":15},"end":{"line":28,"column":51}},"16":{"start":{"line":29,"column":4},"end":{"line":29,"column":48}},"17":{"start":{"line":29,"column":14},"end":{"line":29,"column":48}},"18":{"start":{"line":31,"column":20},"end":{"line":31,"column":74}},"19":{"start":{"line":33,"column":4},"end":{"line":33,"column":79}},"20":{"start":{"line":35,"column":4},"end":{"line":39,"column":7}},"21":{"start":{"line":41,"column":4},"end":{"line":41,"column":75}},"22":{"start":{"line":42,"column":4},"end":{"line":46,"column":7}},"23":{"start":{"line":55,"column":2},"end":{"line":82,"column":3}},"24":{"start":{"line":56,"column":19},"end":{"line":56,"column":29}},"25":{"start":{"line":57,"column":4},"end":{"line":57,"column":64}},"26":{"start":{"line":59,"column":19},"end":{"line":59,"column":78}},"27":{"start":{"line":61,"column":4},"end":{"line":66,"column":5}},"28":{"start":{"line":62,"column":6},"end":{"line":65,"column":9}},"29":{"start":{"line":68,"column":4},"end":{"line":68,"column":65}},"30":{"start":{"line":70,"column":4},"end":{"line":74,"column":7}},"31":{"start":{"line":76,"column":4},"end":{"line":76,"column":74}},"32":{"start":{"line":77,"column":4},"end":{"line":81,"column":7}},"33":{"start":{"line":90,"column":2},"end":{"line":150,"column":3}},"34":{"start":{"line":91,"column":4},"end":{"line":91,"column":71}},"35":{"start":{"line":93,"column":37},"end":{"line":93,"column":45}},"36":{"start":{"line":95,"column":4},"end":{"line":100,"column":5}},"37":{"start":{"line":96,"column":6},"end":{"line":99,"column":9}},"38":{"start":{"line":102,"column":22},"end":{"line":102,"column":42}},"39":{"start":{"line":103,"column":20},"end":{"line":103,"column":38}},"40":{"start":{"line":105,"column":4},"end":{"line":110,"column":5}},"41":{"start":{"line":106,"column":6},"end":{"line":109,"column":9}},"42":{"start":{"line":112,"column":4},"end":{"line":117,"column":5}},"43":{"start":{"line":113,"column":6},"end":{"line":116,"column":9}},"44":{"start":{"line":119,"column":25},"end":{"line":119,"column":62}},"45":{"start":{"line":120,"column":23},"end":{"line":120,"column":58}},"46":{"start":{"line":123,"column":21},"end":{"line":123,"column":118}},"47":{"start":{"line":124,"column":4},"end":{"line":129,"column":5}},"48":{"start":{"line":125,"column":6},"end":{"line":128,"column":9}},"49":{"start":{"line":131,"column":19},"end":{"line":131,"column":89}},"50":{"start":{"line":133,"column":4},"end":{"line":133,"column":83}},"51":{"start":{"line":135,"column":4},"end":{"line":139,"column":7}},"52":{"start":{"line":141,"column":4},"end":{"line":141,"column":75}},"53":{"start":{"line":142,"column":24},"end":{"line":142,"column":91}},"54":{"start":{"line":143,"column":4},"end":{"line":149,"column":7}},"55":{"start":{"line":158,"column":2},"end":{"line":213,"column":3}},"56":{"start":{"line":159,"column":19},"end":{"line":159,"column":29}},"57":{"start":{"line":160,"column":4},"end":{"line":160,"column":75}},"58":{"start":{"line":170,"column":8},"end":{"line":170,"column":16}},"59":{"start":{"line":173,"column":4},"end":{"line":184,"column":5}},"60":{"start":{"line":180,"column":6},"end":{"line":183,"column":9}},"61":{"start":{"line":186,"column":19},"end":{"line":197,"column":5}},"62":{"start":{"line":199,"column":4},"end":{"line":199,"column":63}},"63":{"start":{"line":201,"column":4},"end":{"line":205,"column":7}},"64":{"start":{"line":207,"column":4},"end":{"line":207,"column":75}},"65":{"start":{"line":208,"column":4},"end":{"line":212,"column":7}},"66":{"start":{"line":221,"column":2},"end":{"line":249,"column":3}},"67":{"start":{"line":222,"column":19},"end":{"line":222,"column":29}},"68":{"start":{"line":223,"column":4},"end":{"line":223,"column":70}},"69":{"start":{"line":225,"column":19},"end":{"line":225,"column":82}},"70":{"start":{"line":227,"column":4},"end":{"line":227,"column":81}},"71":{"start":{"line":229,"column":4},"end":{"line":233,"column":7}},"72":{"start":{"line":235,"column":4},"end":{"line":235,"column":80}},"73":{"start":{"line":237,"column":4},"end":{"line":242,"column":5}},"74":{"start":{"line":238,"column":6},"end":{"line":241,"column":9}},"75":{"start":{"line":244,"column":4},"end":{"line":248,"column":7}},"76":{"start":{"line":257,"column":2},"end":{"line":285,"column":3}},"77":{"start":{"line":258,"column":19},"end":{"line":258,"column":29}},"78":{"start":{"line":259,"column":4},"end":{"line":259,"column":65}},"79":{"start":{"line":261,"column":19},"end":{"line":261,"column":77}},"80":{"start":{"line":263,"column":4},"end":{"line":263,"column":76}},"81":{"start":{"line":265,"column":4},"end":{"line":269,"column":7}},"82":{"start":{"line":271,"column":4},"end":{"line":271,"column":75}},"83":{"start":{"line":273,"column":4},"end":{"line":278,"column":5}},"84":{"start":{"line":274,"column":6},"end":{"line":277,"column":9}},"85":{"start":{"line":280,"column":4},"end":{"line":284,"column":7}},"86":{"start":{"line":293,"column":2},"end":{"line":328,"column":3}},"87":{"start":{"line":294,"column":19},"end":{"line":294,"column":29}},"88":{"start":{"line":295,"column":4},"end":{"line":295,"column":75}},"89":{"start":{"line":297,"column":19},"end":{"line":297,"column":78}},"90":{"start":{"line":299,"column":4},"end":{"line":304,"column":5}},"91":{"start":{"line":300,"column":6},"end":{"line":303,"column":9}},"92":{"start":{"line":306,"column":19},"end":{"line":306,"column":66}},"93":{"start":{"line":308,"column":29},"end":{"line":313,"column":5}},"94":{"start":{"line":309,"column":20},"end":{"line":309,"column":112}},"95":{"start":{"line":310,"column":18},"end":{"line":310,"column":102}},"96":{"start":{"line":311,"column":24},"end":{"line":311,"column":109}},"97":{"start":{"line":312,"column":6},"end":{"line":312,"column":114}},"98":{"start":{"line":314,"column":21},"end":{"line":314,"column":71}},"99":{"start":{"line":316,"column":4},"end":{"line":316,"column":103}},"100":{"start":{"line":317,"column":4},"end":{"line":317,"column":79}},"101":{"start":{"line":318,"column":4},"end":{"line":318,"column":21}},"102":{"start":{"line":320,"column":4},"end":{"line":320,"column":81}},"103":{"start":{"line":322,"column":4},"end":{"line":322,"column":85}},"104":{"start":{"line":323,"column":4},"end":{"line":327,"column":7}},"105":{"start":{"line":336,"column":2},"end":{"line":371,"column":3}},"106":{"start":{"line":337,"column":19},"end":{"line":337,"column":29}},"107":{"start":{"line":338,"column":4},"end":{"line":338,"column":73}},"108":{"start":{"line":340,"column":19},"end":{"line":340,"column":78}},"109":{"start":{"line":342,"column":4},"end":{"line":347,"column":5}},"110":{"start":{"line":343,"column":6},"end":{"line":346,"column":9}},"111":{"start":{"line":349,"column":19},"end":{"line":349,"column":64}},"112":{"start":{"line":351,"column":29},"end":{"line":356,"column":5}},"113":{"start":{"line":352,"column":20},"end":{"line":352,"column":112}},"114":{"start":{"line":353,"column":18},"end":{"line":353,"column":102}},"115":{"start":{"line":354,"column":24},"end":{"line":354,"column":109}},"116":{"start":{"line":355,"column":6},"end":{"line":355,"column":114}},"117":{"start":{"line":357,"column":21},"end":{"line":357,"column":70}},"118":{"start":{"line":359,"column":4},"end":{"line":359,"column":53}},"119":{"start":{"line":360,"column":4},"end":{"line":360,"column":79}},"120":{"start":{"line":361,"column":4},"end":{"line":361,"column":21}},"121":{"start":{"line":363,"column":4},"end":{"line":363,"column":79}},"122":{"start":{"line":365,"column":4},"end":{"line":365,"column":83}},"123":{"start":{"line":366,"column":4},"end":{"line":370,"column":7}},"124":{"start":{"line":374,"column":0},"end":{"line":383,"column":2}}},"fnMap":{"0":{"name":"getAllReports","decl":{"start":{"line":11,"column":15},"end":{"line":11,"column":28}},"loc":{"start":{"line":11,"column":39},"end":{"line":48,"column":1}},"line":11},"1":{"name":"getReportById","decl":{"start":{"line":54,"column":15},"end":{"line":54,"column":28}},"loc":{"start":{"line":54,"column":39},"end":{"line":83,"column":1}},"line":54},"2":{"name":"createReport","decl":{"start":{"line":89,"column":15},"end":{"line":89,"column":27}},"loc":{"start":{"line":89,"column":38},"end":{"line":151,"column":1}},"line":89},"3":{"name":"updateReport","decl":{"start":{"line":157,"column":15},"end":{"line":157,"column":27}},"loc":{"start":{"line":157,"column":38},"end":{"line":214,"column":1}},"line":157},"4":{"name":"recalculateReport","decl":{"start":{"line":220,"column":15},"end":{"line":220,"column":32}},"loc":{"start":{"line":220,"column":43},"end":{"line":250,"column":1}},"line":220},"5":{"name":"deleteReport","decl":{"start":{"line":256,"column":15},"end":{"line":256,"column":27}},"loc":{"start":{"line":256,"column":38},"end":{"line":286,"column":1}},"line":256},"6":{"name":"exportReportToExcel","decl":{"start":{"line":292,"column":15},"end":{"line":292,"column":34}},"loc":{"start":{"line":292,"column":45},"end":{"line":329,"column":1}},"line":292},"7":{"name":"(anonymous_7)","decl":{"start":{"line":308,"column":29},"end":{"line":308,"column":30}},"loc":{"start":{"line":308,"column":35},"end":{"line":313,"column":5}},"line":308},"8":{"name":"exportReportToPDF","decl":{"start":{"line":335,"column":15},"end":{"line":335,"column":32}},"loc":{"start":{"line":335,"column":43},"end":{"line":372,"column":1}},"line":335},"9":{"name":"(anonymous_9)","decl":{"start":{"line":351,"column":29},"end":{"line":351,"column":30}},"loc":{"start":{"line":351,"column":35},"end":{"line":356,"column":5}},"line":351}},"branchMap":{"0":{"loc":{"start":{"line":17,"column":4},"end":{"line":17,"column":52}},"type":"if","locations":[{"start":{"line":17,"column":4},"end":{"line":17,"column":52}},{"start":{},"end":{}}],"line":17},"1":{"loc":{"start":{"line":18,"column":4},"end":{"line":18,"column":46}},"type":"if","locations":[{"start":{"line":18,"column":4},"end":{"line":18,"column":46}},{"start":{},"end":{}}],"line":18},"2":{"loc":{"start":{"line":21,"column":4},"end":{"line":23,"column":5}},"type":"if","locations":[{"start":{"line":21,"column":4},"end":{"line":23,"column":5}},{"start":{},"end":{}}],"line":21},"3":{"loc":{"start":{"line":21,"column":8},"end":{"line":21,"column":40}},"type":"binary-expr","locations":[{"start":{"line":21,"column":8},"end":{"line":21,"column":17}},{"start":{"line":21,"column":21},"end":{"line":21,"column":40}}],"line":21},"4":{"loc":{"start":{"line":24,"column":4},"end":{"line":26,"column":5}},"type":"if","locations":[{"start":{"line":24,"column":4},"end":{"line":26,"column":5}},{"start":{},"end":{}}],"line":24},"5":{"loc":{"start":{"line":24,"column":8},"end":{"line":24,"column":36}},"type":"binary-expr","locations":[{"start":{"line":24,"column":8},"end":{"line":24,"column":15}},{"start":{"line":24,"column":19},"end":{"line":24,"column":36}}],"line":24},"6":{"loc":{"start":{"line":28,"column":4},"end":{"line":28,"column":51}},"type":"if","locations":[{"start":{"line":28,"column":4},"end":{"line":28,"column":51}},{"start":{},"end":{}}],"line":28},"7":{"loc":{"start":{"line":29,"column":4},"end":{"line":29,"column":48}},"type":"if","locations":[{"start":{"line":29,"column":4},"end":{"line":29,"column":48}},{"start":{},"end":{}}],"line":29},"8":{"loc":{"start":{"line":61,"column":4},"end":{"line":66,"column":5}},"type":"if","locations":[{"start":{"line":61,"column":4},"end":{"line":66,"column":5}},{"start":{},"end":{}}],"line":61},"9":{"loc":{"start":{"line":95,"column":4},"end":{"line":100,"column":5}},"type":"if","locations":[{"start":{"line":95,"column":4},"end":{"line":100,"column":5}},{"start":{},"end":{}}],"line":95},"10":{"loc":{"start":{"line":95,"column":8},"end":{"line":95,"column":32}},"type":"binary-expr","locations":[{"start":{"line":95,"column":8},"end":{"line":95,"column":19}},{"start":{"line":95,"column":23},"end":{"line":95,"column":32}}],"line":95},"11":{"loc":{"start":{"line":105,"column":4},"end":{"line":110,"column":5}},"type":"if","locations":[{"start":{"line":105,"column":4},"end":{"line":110,"column":5}},{"start":{},"end":{}}],"line":105},"12":{"loc":{"start":{"line":105,"column":8},"end":{"line":105,"column":76}},"type":"binary-expr","locations":[{"start":{"line":105,"column":8},"end":{"line":105,"column":41}},{"start":{"line":105,"column":45},"end":{"line":105,"column":76}}],"line":105},"13":{"loc":{"start":{"line":112,"column":4},"end":{"line":117,"column":5}},"type":"if","locations":[{"start":{"line":112,"column":4},"end":{"line":117,"column":5}},{"start":{},"end":{}}],"line":112},"14":{"loc":{"start":{"line":124,"column":4},"end":{"line":129,"column":5}},"type":"if","locations":[{"start":{"line":124,"column":4},"end":{"line":129,"column":5}},{"start":{},"end":{}}],"line":124},"15":{"loc":{"start":{"line":142,"column":24},"end":{"line":142,"column":91}},"type":"binary-expr","locations":[{"start":{"line":142,"column":24},"end":{"line":142,"column":46}},{"start":{"line":142,"column":50},"end":{"line":142,"column":91}}],"line":142},"16":{"loc":{"start":{"line":143,"column":15},"end":{"line":143,"column":38}},"type":"cond-expr","locations":[{"start":{"line":143,"column":29},"end":{"line":143,"column":32}},{"start":{"line":143,"column":35},"end":{"line":143,"column":38}}],"line":143},"17":{"loc":{"start":{"line":145,"column":15},"end":{"line":147,"column":74}},"type":"cond-expr","locations":[{"start":{"line":146,"column":10},"end":{"line":146,"column":53}},{"start":{"line":147,"column":10},"end":{"line":147,"column":74}}],"line":145},"18":{"loc":{"start":{"line":147,"column":10},"end":{"line":147,"column":74}},"type":"binary-expr","locations":[{"start":{"line":147,"column":10},"end":{"line":147,"column":23}},{"start":{"line":147,"column":27},"end":{"line":147,"column":74}}],"line":147},"19":{"loc":{"start":{"line":173,"column":4},"end":{"line":184,"column":5}},"type":"if","locations":[{"start":{"line":173,"column":4},"end":{"line":184,"column":5}},{"start":{},"end":{}}],"line":173},"20":{"loc":{"start":{"line":173,"column":8},"end":{"line":179,"column":45}},"type":"binary-expr","locations":[{"start":{"line":173,"column":8},"end":{"line":173,"column":43}},{"start":{"line":174,"column":8},"end":{"line":174,"column":44}},{"start":{"line":175,"column":8},"end":{"line":175,"column":39}},{"start":{"line":176,"column":8},"end":{"line":176,"column":38}},{"start":{"line":177,"column":8},"end":{"line":177,"column":39}},{"start":{"line":178,"column":8},"end":{"line":178,"column":38}},{"start":{"line":179,"column":8},"end":{"line":179,"column":45}}],"line":173},"21":{"loc":{"start":{"line":208,"column":15},"end":{"line":208,"column":62}},"type":"cond-expr","locations":[{"start":{"line":208,"column":53},"end":{"line":208,"column":56}},{"start":{"line":208,"column":59},"end":{"line":208,"column":62}}],"line":208},"22":{"loc":{"start":{"line":210,"column":15},"end":{"line":210,"column":79}},"type":"binary-expr","locations":[{"start":{"line":210,"column":15},"end":{"line":210,"column":28}},{"start":{"line":210,"column":32},"end":{"line":210,"column":79}}],"line":210},"23":{"loc":{"start":{"line":237,"column":4},"end":{"line":242,"column":5}},"type":"if","locations":[{"start":{"line":237,"column":4},"end":{"line":242,"column":5}},{"start":{},"end":{}}],"line":237},"24":{"loc":{"start":{"line":273,"column":4},"end":{"line":278,"column":5}},"type":"if","locations":[{"start":{"line":273,"column":4},"end":{"line":278,"column":5}},{"start":{},"end":{}}],"line":273},"25":{"loc":{"start":{"line":299,"column":4},"end":{"line":304,"column":5}},"type":"if","locations":[{"start":{"line":299,"column":4},"end":{"line":304,"column":5}},{"start":{},"end":{}}],"line":299},"26":{"loc":{"start":{"line":309,"column":20},"end":{"line":309,"column":112}},"type":"cond-expr","locations":[{"start":{"line":309,"column":40},"end":{"line":309,"column":67}},{"start":{"line":309,"column":70},"end":{"line":309,"column":112}}],"line":309},"27":{"loc":{"start":{"line":310,"column":18},"end":{"line":310,"column":102}},"type":"cond-expr","locations":[{"start":{"line":310,"column":36},"end":{"line":310,"column":61}},{"start":{"line":310,"column":64},"end":{"line":310,"column":102}}],"line":310},"28":{"loc":{"start":{"line":326,"column":13},"end":{"line":326,"column":93}},"type":"cond-expr","locations":[{"start":{"line":326,"column":54},"end":{"line":326,"column":67}},{"start":{"line":326,"column":70},"end":{"line":326,"column":93}}],"line":326},"29":{"loc":{"start":{"line":342,"column":4},"end":{"line":347,"column":5}},"type":"if","locations":[{"start":{"line":342,"column":4},"end":{"line":347,"column":5}},{"start":{},"end":{}}],"line":342},"30":{"loc":{"start":{"line":352,"column":20},"end":{"line":352,"column":112}},"type":"cond-expr","locations":[{"start":{"line":352,"column":40},"end":{"line":352,"column":67}},{"start":{"line":352,"column":70},"end":{"line":352,"column":112}}],"line":352},"31":{"loc":{"start":{"line":353,"column":18},"end":{"line":353,"column":102}},"type":"cond-expr","locations":[{"start":{"line":353,"column":36},"end":{"line":353,"column":61}},{"start":{"line":353,"column":64},"end":{"line":353,"column":102}}],"line":353},"32":{"loc":{"start":{"line":369,"column":13},"end":{"line":369,"column":93}},"type":"cond-expr","locations":[{"start":{"line":369,"column":54},"end":{"line":369,"column":67}},{"start":{"line":369,"column":70},"end":{"line":369,"column":93}}],"line":369}},"s":{"0":1,"1":1,"2":5,"3":5,"4":5,"5":5,"6":5,"7":1,"8":5,"9":1,"10":5,"11":1,"12":5,"13":1,"14":5,"15":1,"16":5,"17":1,"18":5,"19":4,"20":4,"21":1,"22":1,"23":3,"24":3,"25":3,"26":3,"27":2,"28":1,"29":1,"30":1,"31":1,"32":1,"33":7,"34":7,"35":7,"36":7,"37":2,"38":5,"39":5,"40":5,"41":1,"42":4,"43":1,"44":3,"45":3,"46":3,"47":3,"48":1,"49":2,"50":1,"51":1,"52":1,"53":1,"54":1,"55":4,"56":4,"57":4,"58":4,"59":4,"60":1,"61":3,"62":1,"63":1,"64":2,"65":2,"66":3,"67":3,"68":3,"69":3,"70":1,"71":1,"72":2,"73":2,"74":1,"75":1,"76":3,"77":3,"78":3,"79":3,"80":1,"81":1,"82":2,"83":2,"84":1,"85":1,"86":0,"87":0,"88":0,"89":0,"90":0,"91":0,"92":0,"93":0,"94":0,"95":0,"96":0,"97":0,"98":0,"99":0,"100":0,"101":0,"102":0,"103":0,"104":0,"105":0,"106":0,"107":0,"108":0,"109":0,"110":0,"111":0,"112":0,"113":0,"114":0,"115":0,"116":0,"117":0,"118":0,"119":0,"120":0,"121":0,"122":0,"123":0,"124":1},"f":{"0":5,"1":3,"2":7,"3":4,"4":3,"5":3,"6":0,"7":0,"8":0,"9":0},"b":{"0":[1,4],"1":[1,4],"2":[1,4],"3":[5,1],"4":[1,4],"5":[5,1],"6":[1,4],"7":[1,4],"8":[1,1],"9":[2,5],"10":[7,6],"11":[1,4],"12":[5,4],"13":[1,3],"14":[1,2],"15":[1,0],"16":[1,0],"17":[1,0],"18":[0,0],"19":[1,3],"20":[4,4,3,3,3,3,3],"21":[1,1],"22":[2,0],"23":[1,1],"24":[1,1],"25":[0,0],"26":[0,0],"27":[0,0],"28":[0,0],"29":[0,0],"30":[0,0],"31":[0,0],"32":[0,0]},"_coverageSchema":"1a1c01bbd47fc00a2c39e90264f33305004495a9","hash":"4a251c15b3decbd42957d82a4acda328a64df6f0"}
,"C:\\Users\\GeorgioHayek\\Desktop\\Applications\\finders-system\\finders-crm\\backend\\controllers\\operationsDailyController.js": {"path":"C:\\Users\\GeorgioHayek\\Desktop\\Applications\\finders-system\\finders-crm\\backend\\controllers\\operationsDailyController.js","statementMap":{"0":{"start":{"line":4,"column":29},"end":{"line":4,"column":76}},"1":{"start":{"line":5,"column":69},"end":{"line":5,"column":112}},"2":{"start":{"line":12,"column":2},"end":{"line":38,"column":3}},"3":{"start":{"line":13,"column":4},"end":{"line":13,"column":59}},"4":{"start":{"line":14,"column":65},"end":{"line":14,"column":74}},"5":{"start":{"line":16,"column":20},"end":{"line":16,"column":22}},"6":{"start":{"line":17,"column":4},"end":{"line":17,"column":61}},"7":{"start":{"line":17,"column":23},"end":{"line":17,"column":61}},"8":{"start":{"line":18,"column":4},"end":{"line":18,"column":55}},"9":{"start":{"line":18,"column":21},"end":{"line":18,"column":55}},"10":{"start":{"line":19,"column":4},"end":{"line":19,"column":52}},"11":{"start":{"line":19,"column":20},"end":{"line":19,"column":52}},"12":{"start":{"line":20,"column":4},"end":{"line":20,"column":46}},"13":{"start":{"line":20,"column":18},"end":{"line":20,"column":46}},"14":{"start":{"line":22,"column":20},"end":{"line":22,"column":69}},"15":{"start":{"line":24,"column":4},"end":{"line":24,"column":74}},"16":{"start":{"line":26,"column":4},"end":{"line":30,"column":7}},"17":{"start":{"line":32,"column":4},"end":{"line":32,"column":70}},"18":{"start":{"line":33,"column":4},"end":{"line":37,"column":7}},"19":{"start":{"line":46,"column":2},"end":{"line":73,"column":3}},"20":{"start":{"line":47,"column":19},"end":{"line":47,"column":29}},"21":{"start":{"line":48,"column":4},"end":{"line":48,"column":59}},"22":{"start":{"line":50,"column":19},"end":{"line":50,"column":73}},"23":{"start":{"line":52,"column":4},"end":{"line":57,"column":5}},"24":{"start":{"line":53,"column":6},"end":{"line":56,"column":9}},"25":{"start":{"line":59,"column":4},"end":{"line":59,"column":60}},"26":{"start":{"line":61,"column":4},"end":{"line":65,"column":7}},"27":{"start":{"line":67,"column":4},"end":{"line":67,"column":69}},"28":{"start":{"line":68,"column":4},"end":{"line":72,"column":7}},"29":{"start":{"line":81,"column":2},"end":{"line":134,"column":3}},"30":{"start":{"line":82,"column":4},"end":{"line":82,"column":66}},"31":{"start":{"line":85,"column":104},"end":{"line":85,"column":112}},"32":{"start":{"line":87,"column":4},"end":{"line":92,"column":5}},"33":{"start":{"line":88,"column":6},"end":{"line":91,"column":9}},"34":{"start":{"line":94,"column":23},"end":{"line":94,"column":44}},"35":{"start":{"line":96,"column":4},"end":{"line":101,"column":5}},"36":{"start":{"line":97,"column":6},"end":{"line":100,"column":9}},"37":{"start":{"line":103,"column":26},"end":{"line":103,"column":64}},"38":{"start":{"line":105,"column":19},"end":{"line":115,"column":5}},"39":{"start":{"line":117,"column":4},"end":{"line":117,"column":78}},"40":{"start":{"line":119,"column":4},"end":{"line":123,"column":7}},"41":{"start":{"line":125,"column":4},"end":{"line":125,"column":70}},"42":{"start":{"line":126,"column":24},"end":{"line":126,"column":91}},"43":{"start":{"line":127,"column":4},"end":{"line":133,"column":7}},"44":{"start":{"line":142,"column":2},"end":{"line":179,"column":3}},"45":{"start":{"line":143,"column":19},"end":{"line":143,"column":29}},"46":{"start":{"line":144,"column":4},"end":{"line":144,"column":70}},"47":{"start":{"line":153,"column":8},"end":{"line":153,"column":16}},"48":{"start":{"line":155,"column":23},"end":{"line":155,"column":25}},"49":{"start":{"line":156,"column":4},"end":{"line":156,"column":93}},"50":{"start":{"line":156,"column":42},"end":{"line":156,"column":93}},"51":{"start":{"line":157,"column":4},"end":{"line":157,"column":117}},"52":{"start":{"line":157,"column":50},"end":{"line":157,"column":117}},"53":{"start":{"line":158,"column":4},"end":{"line":158,"column":111}},"54":{"start":{"line":158,"column":48},"end":{"line":158,"column":111}},"55":{"start":{"line":159,"column":4},"end":{"line":159,"column":120}},"56":{"start":{"line":159,"column":51},"end":{"line":159,"column":120}},"57":{"start":{"line":160,"column":4},"end":{"line":160,"column":135}},"58":{"start":{"line":160,"column":56},"end":{"line":160,"column":135}},"59":{"start":{"line":161,"column":4},"end":{"line":161,"column":51}},"60":{"start":{"line":161,"column":21},"end":{"line":161,"column":51}},"61":{"start":{"line":163,"column":19},"end":{"line":163,"column":84}},"62":{"start":{"line":165,"column":4},"end":{"line":165,"column":58}},"63":{"start":{"line":167,"column":4},"end":{"line":171,"column":7}},"64":{"start":{"line":173,"column":4},"end":{"line":173,"column":70}},"65":{"start":{"line":174,"column":4},"end":{"line":178,"column":7}},"66":{"start":{"line":187,"column":2},"end":{"line":215,"column":3}},"67":{"start":{"line":188,"column":19},"end":{"line":188,"column":29}},"68":{"start":{"line":189,"column":4},"end":{"line":189,"column":65}},"69":{"start":{"line":191,"column":19},"end":{"line":191,"column":77}},"70":{"start":{"line":193,"column":4},"end":{"line":193,"column":76}},"71":{"start":{"line":195,"column":4},"end":{"line":199,"column":7}},"72":{"start":{"line":201,"column":4},"end":{"line":201,"column":75}},"73":{"start":{"line":203,"column":4},"end":{"line":208,"column":5}},"74":{"start":{"line":204,"column":6},"end":{"line":207,"column":9}},"75":{"start":{"line":210,"column":4},"end":{"line":214,"column":7}},"76":{"start":{"line":223,"column":2},"end":{"line":251,"column":3}},"77":{"start":{"line":224,"column":19},"end":{"line":224,"column":29}},"78":{"start":{"line":225,"column":4},"end":{"line":225,"column":60}},"79":{"start":{"line":227,"column":19},"end":{"line":227,"column":72}},"80":{"start":{"line":229,"column":4},"end":{"line":229,"column":71}},"81":{"start":{"line":231,"column":4},"end":{"line":235,"column":7}},"82":{"start":{"line":237,"column":4},"end":{"line":237,"column":70}},"83":{"start":{"line":239,"column":4},"end":{"line":244,"column":5}},"84":{"start":{"line":240,"column":6},"end":{"line":243,"column":9}},"85":{"start":{"line":246,"column":4},"end":{"line":250,"column":7}},"86":{"start":{"line":259,"column":2},"end":{"line":293,"column":3}},"87":{"start":{"line":260,"column":19},"end":{"line":260,"column":29}},"88":{"start":{"line":261,"column":4},"end":{"line":261,"column":70}},"89":{"start":{"line":263,"column":19},"end":{"line":263,"column":73}},"90":{"start":{"line":265,"column":4},"end":{"line":270,"column":5}},"91":{"start":{"line":266,"column":6},"end":{"line":269,"column":9}},"92":{"start":{"line":272,"column":19},"end":{"line":272,"column":61}},"93":{"start":{"line":274,"column":28},"end":{"line":278,"column":5}},"94":{"start":{"line":275,"column":19},"end":{"line":275,"column":47}},"95":{"start":{"line":276,"column":24},"end":{"line":276,"column":109}},"96":{"start":{"line":277,"column":6},"end":{"line":277,"column":58}},"97":{"start":{"line":279,"column":21},"end":{"line":279,"column":112}},"98":{"start":{"line":281,"column":4},"end":{"line":281,"column":103}},"99":{"start":{"line":282,"column":4},"end":{"line":282,"column":79}},"100":{"start":{"line":283,"column":4},"end":{"line":283,"column":21}},"101":{"start":{"line":285,"column":4},"end":{"line":285,"column":76}},"102":{"start":{"line":287,"column":4},"end":{"line":287,"column":80}},"103":{"start":{"line":288,"column":4},"end":{"line":292,"column":7}},"104":{"start":{"line":301,"column":2},"end":{"line":335,"column":3}},"105":{"start":{"line":302,"column":19},"end":{"line":302,"column":29}},"106":{"start":{"line":303,"column":4},"end":{"line":303,"column":68}},"107":{"start":{"line":305,"column":19},"end":{"line":305,"column":73}},"108":{"start":{"line":307,"column":4},"end":{"line":312,"column":5}},"109":{"start":{"line":308,"column":6},"end":{"line":311,"column":9}},"110":{"start":{"line":314,"column":19},"end":{"line":314,"column":59}},"111":{"start":{"line":316,"column":28},"end":{"line":320,"column":5}},"112":{"start":{"line":317,"column":19},"end":{"line":317,"column":47}},"113":{"start":{"line":318,"column":24},"end":{"line":318,"column":109}},"114":{"start":{"line":319,"column":6},"end":{"line":319,"column":58}},"115":{"start":{"line":321,"column":21},"end":{"line":321,"column":111}},"116":{"start":{"line":323,"column":4},"end":{"line":323,"column":53}},"117":{"start":{"line":324,"column":4},"end":{"line":324,"column":79}},"118":{"start":{"line":325,"column":4},"end":{"line":325,"column":21}},"119":{"start":{"line":327,"column":4},"end":{"line":327,"column":74}},"120":{"start":{"line":329,"column":4},"end":{"line":329,"column":78}},"121":{"start":{"line":330,"column":4},"end":{"line":334,"column":7}},"122":{"start":{"line":338,"column":0},"end":{"line":347,"column":2}}},"fnMap":{"0":{"name":"getAllReports","decl":{"start":{"line":11,"column":15},"end":{"line":11,"column":28}},"loc":{"start":{"line":11,"column":39},"end":{"line":39,"column":1}},"line":11},"1":{"name":"getReportById","decl":{"start":{"line":45,"column":15},"end":{"line":45,"column":28}},"loc":{"start":{"line":45,"column":39},"end":{"line":74,"column":1}},"line":45},"2":{"name":"createReport","decl":{"start":{"line":80,"column":15},"end":{"line":80,"column":27}},"loc":{"start":{"line":80,"column":38},"end":{"line":135,"column":1}},"line":80},"3":{"name":"updateReport","decl":{"start":{"line":141,"column":15},"end":{"line":141,"column":27}},"loc":{"start":{"line":141,"column":38},"end":{"line":180,"column":1}},"line":141},"4":{"name":"recalculateReport","decl":{"start":{"line":186,"column":15},"end":{"line":186,"column":32}},"loc":{"start":{"line":186,"column":43},"end":{"line":216,"column":1}},"line":186},"5":{"name":"deleteReport","decl":{"start":{"line":222,"column":15},"end":{"line":222,"column":27}},"loc":{"start":{"line":222,"column":38},"end":{"line":252,"column":1}},"line":222},"6":{"name":"exportReportToExcel","decl":{"start":{"line":258,"column":15},"end":{"line":258,"column":34}},"loc":{"start":{"line":258,"column":45},"end":{"line":294,"column":1}},"line":258},"7":{"name":"(anonymous_7)","decl":{"start":{"line":274,"column":28},"end":{"line":274,"column":29}},"loc":{"start":{"line":274,"column":34},"end":{"line":278,"column":5}},"line":274},"8":{"name":"exportReportToPDF","decl":{"start":{"line":300,"column":15},"end":{"line":300,"column":32}},"loc":{"start":{"line":300,"column":43},"end":{"line":336,"column":1}},"line":300},"9":{"name":"(anonymous_9)","decl":{"start":{"line":316,"column":28},"end":{"line":316,"column":29}},"loc":{"start":{"line":316,"column":34},"end":{"line":320,"column":5}},"line":316}},"branchMap":{"0":{"loc":{"start":{"line":17,"column":4},"end":{"line":17,"column":61}},"type":"if","locations":[{"start":{"line":17,"column":4},"end":{"line":17,"column":61}},{"start":{},"end":{}}],"line":17},"1":{"loc":{"start":{"line":18,"column":4},"end":{"line":18,"column":55}},"type":"if","locations":[{"start":{"line":18,"column":4},"end":{"line":18,"column":55}},{"start":{},"end":{}}],"line":18},"2":{"loc":{"start":{"line":19,"column":4},"end":{"line":19,"column":52}},"type":"if","locations":[{"start":{"line":19,"column":4},"end":{"line":19,"column":52}},{"start":{},"end":{}}],"line":19},"3":{"loc":{"start":{"line":20,"column":4},"end":{"line":20,"column":46}},"type":"if","locations":[{"start":{"line":20,"column":4},"end":{"line":20,"column":46}},{"start":{},"end":{}}],"line":20},"4":{"loc":{"start":{"line":52,"column":4},"end":{"line":57,"column":5}},"type":"if","locations":[{"start":{"line":52,"column":4},"end":{"line":57,"column":5}},{"start":{},"end":{}}],"line":52},"5":{"loc":{"start":{"line":87,"column":4},"end":{"line":92,"column":5}},"type":"if","locations":[{"start":{"line":87,"column":4},"end":{"line":92,"column":5}},{"start":{},"end":{}}],"line":87},"6":{"loc":{"start":{"line":87,"column":8},"end":{"line":87,"column":38}},"type":"binary-expr","locations":[{"start":{"line":87,"column":8},"end":{"line":87,"column":22}},{"start":{"line":87,"column":26},"end":{"line":87,"column":38}}],"line":87},"7":{"loc":{"start":{"line":96,"column":4},"end":{"line":101,"column":5}},"type":"if","locations":[{"start":{"line":96,"column":4},"end":{"line":101,"column":5}},{"start":{},"end":{}}],"line":96},"8":{"loc":{"start":{"line":109,"column":28},"end":{"line":109,"column":51}},"type":"binary-expr","locations":[{"start":{"line":109,"column":28},"end":{"line":109,"column":46}},{"start":{"line":109,"column":50},"end":{"line":109,"column":51}}],"line":109},"9":{"loc":{"start":{"line":110,"column":36},"end":{"line":110,"column":67}},"type":"binary-expr","locations":[{"start":{"line":110,"column":36},"end":{"line":110,"column":62}},{"start":{"line":110,"column":66},"end":{"line":110,"column":67}}],"line":110},"10":{"loc":{"start":{"line":111,"column":34},"end":{"line":111,"column":63}},"type":"binary-expr","locations":[{"start":{"line":111,"column":34},"end":{"line":111,"column":58}},{"start":{"line":111,"column":62},"end":{"line":111,"column":63}}],"line":111},"11":{"loc":{"start":{"line":112,"column":37},"end":{"line":112,"column":69}},"type":"binary-expr","locations":[{"start":{"line":112,"column":37},"end":{"line":112,"column":64}},{"start":{"line":112,"column":68},"end":{"line":112,"column":69}}],"line":112},"12":{"loc":{"start":{"line":113,"column":42},"end":{"line":113,"column":79}},"type":"binary-expr","locations":[{"start":{"line":113,"column":42},"end":{"line":113,"column":74}},{"start":{"line":113,"column":78},"end":{"line":113,"column":79}}],"line":113},"13":{"loc":{"start":{"line":126,"column":24},"end":{"line":126,"column":91}},"type":"binary-expr","locations":[{"start":{"line":126,"column":24},"end":{"line":126,"column":46}},{"start":{"line":126,"column":50},"end":{"line":126,"column":91}}],"line":126},"14":{"loc":{"start":{"line":127,"column":15},"end":{"line":127,"column":38}},"type":"cond-expr","locations":[{"start":{"line":127,"column":29},"end":{"line":127,"column":32}},{"start":{"line":127,"column":35},"end":{"line":127,"column":38}}],"line":127},"15":{"loc":{"start":{"line":129,"column":15},"end":{"line":131,"column":69}},"type":"cond-expr","locations":[{"start":{"line":130,"column":10},"end":{"line":130,"column":67}},{"start":{"line":131,"column":10},"end":{"line":131,"column":69}}],"line":129},"16":{"loc":{"start":{"line":131,"column":10},"end":{"line":131,"column":69}},"type":"binary-expr","locations":[{"start":{"line":131,"column":10},"end":{"line":131,"column":23}},{"start":{"line":131,"column":27},"end":{"line":131,"column":69}}],"line":131},"17":{"loc":{"start":{"line":156,"column":4},"end":{"line":156,"column":93}},"type":"if","locations":[{"start":{"line":156,"column":4},"end":{"line":156,"column":93}},{"start":{},"end":{}}],"line":156},"18":{"loc":{"start":{"line":157,"column":4},"end":{"line":157,"column":117}},"type":"if","locations":[{"start":{"line":157,"column":4},"end":{"line":157,"column":117}},{"start":{},"end":{}}],"line":157},"19":{"loc":{"start":{"line":158,"column":4},"end":{"line":158,"column":111}},"type":"if","locations":[{"start":{"line":158,"column":4},"end":{"line":158,"column":111}},{"start":{},"end":{}}],"line":158},"20":{"loc":{"start":{"line":159,"column":4},"end":{"line":159,"column":120}},"type":"if","locations":[{"start":{"line":159,"column":4},"end":{"line":159,"column":120}},{"start":{},"end":{}}],"line":159},"21":{"loc":{"start":{"line":160,"column":4},"end":{"line":160,"column":135}},"type":"if","locations":[{"start":{"line":160,"column":4},"end":{"line":160,"column":135}},{"start":{},"end":{}}],"line":160},"22":{"loc":{"start":{"line":161,"column":4},"end":{"line":161,"column":51}},"type":"if","locations":[{"start":{"line":161,"column":4},"end":{"line":161,"column":51}},{"start":{},"end":{}}],"line":161},"23":{"loc":{"start":{"line":174,"column":15},"end":{"line":174,"column":62}},"type":"cond-expr","locations":[{"start":{"line":174,"column":53},"end":{"line":174,"column":56}},{"start":{"line":174,"column":59},"end":{"line":174,"column":62}}],"line":174},"24":{"loc":{"start":{"line":176,"column":15},"end":{"line":176,"column":74}},"type":"binary-expr","locations":[{"start":{"line":176,"column":15},"end":{"line":176,"column":28}},{"start":{"line":176,"column":32},"end":{"line":176,"column":74}}],"line":176},"25":{"loc":{"start":{"line":203,"column":4},"end":{"line":208,"column":5}},"type":"if","locations":[{"start":{"line":203,"column":4},"end":{"line":208,"column":5}},{"start":{},"end":{}}],"line":203},"26":{"loc":{"start":{"line":239,"column":4},"end":{"line":244,"column":5}},"type":"if","locations":[{"start":{"line":239,"column":4},"end":{"line":244,"column":5}},{"start":{},"end":{}}],"line":239},"27":{"loc":{"start":{"line":265,"column":4},"end":{"line":270,"column":5}},"type":"if","locations":[{"start":{"line":265,"column":4},"end":{"line":270,"column":5}},{"start":{},"end":{}}],"line":265},"28":{"loc":{"start":{"line":291,"column":13},"end":{"line":291,"column":93}},"type":"cond-expr","locations":[{"start":{"line":291,"column":54},"end":{"line":291,"column":67}},{"start":{"line":291,"column":70},"end":{"line":291,"column":93}}],"line":291},"29":{"loc":{"start":{"line":307,"column":4},"end":{"line":312,"column":5}},"type":"if","locations":[{"start":{"line":307,"column":4},"end":{"line":312,"column":5}},{"start":{},"end":{}}],"line":307},"30":{"loc":{"start":{"line":333,"column":13},"end":{"line":333,"column":93}},"type":"cond-expr","locations":[{"start":{"line":333,"column":54},"end":{"line":333,"column":67}},{"start":{"line":333,"column":70},"end":{"line":333,"column":93}}],"line":333}},"s":{"0":1,"1":1,"2":4,"3":4,"4":4,"5":4,"6":4,"7":1,"8":4,"9":0,"10":4,"11":1,"12":4,"13":1,"14":4,"15":3,"16":3,"17":1,"18":1,"19":3,"20":3,"21":3,"22":3,"23":2,"24":1,"25":1,"26":1,"27":1,"28":1,"29":7,"30":7,"31":7,"32":7,"33":2,"34":5,"35":5,"36":1,"37":4,"38":4,"39":2,"40":2,"41":2,"42":2,"43":2,"44":4,"45":4,"46":4,"47":4,"48":4,"49":4,"50":3,"51":4,"52":1,"53":4,"54":0,"55":4,"56":0,"57":4,"58":0,"59":4,"60":1,"61":4,"62":2,"63":2,"64":2,"65":2,"66":3,"67":3,"68":3,"69":3,"70":1,"71":1,"72":2,"73":2,"74":1,"75":1,"76":3,"77":3,"78":3,"79":3,"80":1,"81":1,"82":2,"83":2,"84":1,"85":1,"86":0,"87":0,"88":0,"89":0,"90":0,"91":0,"92":0,"93":0,"94":0,"95":0,"96":0,"97":0,"98":0,"99":0,"100":0,"101":0,"102":0,"103":0,"104":0,"105":0,"106":0,"107":0,"108":0,"109":0,"110":0,"111":0,"112":0,"113":0,"114":0,"115":0,"116":0,"117":0,"118":0,"119":0,"120":0,"121":0,"122":1},"f":{"0":4,"1":3,"2":7,"3":4,"4":3,"5":3,"6":0,"7":0,"8":0,"9":0},"b":{"0":[1,3],"1":[0,4],"2":[1,3],"3":[1,3],"4":[1,1],"5":[2,5],"6":[7,6],"7":[1,4],"8":[4,2],"9":[4,2],"10":[4,2],"11":[4,2],"12":[4,2],"13":[2,1],"14":[1,1],"15":[1,1],"16":[1,0],"17":[3,1],"18":[1,3],"19":[0,4],"20":[0,4],"21":[0,4],"22":[1,3],"23":[1,1],"24":[2,0],"25":[1,1],"26":[1,1],"27":[0,0],"28":[0,0],"29":[0,0],"30":[0,0]},"_coverageSchema":"1a1c01bbd47fc00a2c39e90264f33305004495a9","hash":"2a113caded54149fc082b64ac888d29fbfd36c2b"}
,"C:\\Users\\GeorgioHayek\\Desktop\\Applications\\finders-system\\finders-crm\\backend\\controllers\\reportsController.js": {"path":"C:\\Users\\GeorgioHayek\\Desktop\\Applications\\finders-system\\finders-crm\\backend\\controllers\\reportsController.js","statementMap":{"0":{"start":{"line":2,"column":15},"end":{"line":2,"column":48}},"1":{"start":{"line":3,"column":39},"end":{"line":3,"column":73}},"2":{"start":{"line":4,"column":34},"end":{"line":4,"column":80}},"3":{"start":{"line":8,"column":4},"end":{"line":8,"column":52}},"4":{"start":{"line":15,"column":4},"end":{"line":72,"column":5}},"5":{"start":{"line":16,"column":6},"end":{"line":16,"column":59}},"6":{"start":{"line":18,"column":57},"end":{"line":18,"column":65}},"7":{"start":{"line":21,"column":6},"end":{"line":26,"column":7}},"8":{"start":{"line":22,"column":8},"end":{"line":25,"column":11}},"9":{"start":{"line":28,"column":24},"end":{"line":28,"column":44}},"10":{"start":{"line":29,"column":22},"end":{"line":29,"column":40}},"11":{"start":{"line":31,"column":6},"end":{"line":36,"column":7}},"12":{"start":{"line":32,"column":8},"end":{"line":35,"column":11}},"13":{"start":{"line":38,"column":6},"end":{"line":43,"column":7}},"14":{"start":{"line":39,"column":8},"end":{"line":42,"column":11}},"15":{"start":{"line":45,"column":21},"end":{"line":48,"column":7}},"16":{"start":{"line":50,"column":6},"end":{"line":50,"column":63}},"17":{"start":{"line":52,"column":6},"end":{"line":56,"column":9}},"18":{"start":{"line":58,"column":6},"end":{"line":58,"column":63}},"19":{"start":{"line":60,"column":6},"end":{"line":65,"column":7}},"20":{"start":{"line":61,"column":8},"end":{"line":64,"column":11}},"21":{"start":{"line":67,"column":6},"end":{"line":71,"column":9}},"22":{"start":{"line":79,"column":4},"end":{"line":122,"column":5}},"23":{"start":{"line":80,"column":6},"end":{"line":80,"column":73}},"24":{"start":{"line":82,"column":22},"end":{"line":82,"column":24}},"25":{"start":{"line":84,"column":6},"end":{"line":86,"column":7}},"26":{"start":{"line":85,"column":8},"end":{"line":85,"column":56}},"27":{"start":{"line":88,"column":6},"end":{"line":90,"column":7}},"28":{"start":{"line":89,"column":8},"end":{"line":89,"column":50}},"29":{"start":{"line":92,"column":6},"end":{"line":94,"column":7}},"30":{"start":{"line":93,"column":8},"end":{"line":93,"column":46}},"31":{"start":{"line":97,"column":6},"end":{"line":99,"column":7}},"32":{"start":{"line":98,"column":8},"end":{"line":98,"column":49}},"33":{"start":{"line":101,"column":6},"end":{"line":103,"column":7}},"34":{"start":{"line":102,"column":8},"end":{"line":102,"column":45}},"35":{"start":{"line":105,"column":22},"end":{"line":105,"column":57}},"36":{"start":{"line":107,"column":6},"end":{"line":107,"column":58}},"37":{"start":{"line":109,"column":6},"end":{"line":114,"column":9}},"38":{"start":{"line":116,"column":6},"end":{"line":116,"column":63}},"39":{"start":{"line":117,"column":6},"end":{"line":121,"column":9}},"40":{"start":{"line":129,"column":4},"end":{"line":157,"column":5}},"41":{"start":{"line":130,"column":21},"end":{"line":130,"column":31}},"42":{"start":{"line":132,"column":6},"end":{"line":132,"column":50}},"43":{"start":{"line":134,"column":21},"end":{"line":134,"column":61}},"44":{"start":{"line":136,"column":6},"end":{"line":141,"column":7}},"45":{"start":{"line":137,"column":8},"end":{"line":140,"column":11}},"46":{"start":{"line":143,"column":6},"end":{"line":143,"column":52}},"47":{"start":{"line":145,"column":6},"end":{"line":149,"column":9}},"48":{"start":{"line":151,"column":6},"end":{"line":151,"column":54}},"49":{"start":{"line":152,"column":6},"end":{"line":156,"column":9}},"50":{"start":{"line":164,"column":4},"end":{"line":194,"column":5}},"51":{"start":{"line":165,"column":21},"end":{"line":165,"column":31}},"52":{"start":{"line":166,"column":22},"end":{"line":166,"column":30}},"53":{"start":{"line":168,"column":6},"end":{"line":168,"column":54}},"54":{"start":{"line":170,"column":21},"end":{"line":170,"column":69}},"55":{"start":{"line":172,"column":6},"end":{"line":172,"column":63}},"56":{"start":{"line":174,"column":6},"end":{"line":178,"column":9}},"57":{"start":{"line":180,"column":6},"end":{"line":180,"column":55}},"58":{"start":{"line":182,"column":6},"end":{"line":187,"column":7}},"59":{"start":{"line":183,"column":8},"end":{"line":186,"column":11}},"60":{"start":{"line":189,"column":6},"end":{"line":193,"column":9}},"61":{"start":{"line":201,"column":4},"end":{"line":230,"column":5}},"62":{"start":{"line":202,"column":21},"end":{"line":202,"column":31}},"63":{"start":{"line":204,"column":6},"end":{"line":204,"column":50}},"64":{"start":{"line":206,"column":21},"end":{"line":206,"column":65}},"65":{"start":{"line":208,"column":6},"end":{"line":208,"column":68}},"66":{"start":{"line":210,"column":6},"end":{"line":214,"column":9}},"67":{"start":{"line":216,"column":6},"end":{"line":216,"column":60}},"68":{"start":{"line":218,"column":6},"end":{"line":223,"column":7}},"69":{"start":{"line":219,"column":8},"end":{"line":222,"column":11}},"70":{"start":{"line":225,"column":6},"end":{"line":229,"column":9}},"71":{"start":{"line":237,"column":4},"end":{"line":266,"column":5}},"72":{"start":{"line":238,"column":21},"end":{"line":238,"column":31}},"73":{"start":{"line":240,"column":6},"end":{"line":240,"column":45}},"74":{"start":{"line":242,"column":21},"end":{"line":242,"column":60}},"75":{"start":{"line":244,"column":6},"end":{"line":244,"column":56}},"76":{"start":{"line":246,"column":6},"end":{"line":250,"column":9}},"77":{"start":{"line":252,"column":6},"end":{"line":252,"column":55}},"78":{"start":{"line":254,"column":6},"end":{"line":259,"column":7}},"79":{"start":{"line":255,"column":8},"end":{"line":258,"column":11}},"80":{"start":{"line":261,"column":6},"end":{"line":265,"column":9}},"81":{"start":{"line":273,"column":4},"end":{"line":292,"column":5}},"82":{"start":{"line":274,"column":6},"end":{"line":274,"column":55}},"83":{"start":{"line":276,"column":22},"end":{"line":276,"column":60}},"84":{"start":{"line":278,"column":6},"end":{"line":278,"column":63}},"85":{"start":{"line":280,"column":6},"end":{"line":284,"column":9}},"86":{"start":{"line":286,"column":6},"end":{"line":286,"column":60}},"87":{"start":{"line":287,"column":6},"end":{"line":291,"column":9}},"88":{"start":{"line":299,"column":4},"end":{"line":348,"column":5}},"89":{"start":{"line":300,"column":21},"end":{"line":300,"column":31}},"90":{"start":{"line":301,"column":6},"end":{"line":301,"column":55}},"91":{"start":{"line":303,"column":21},"end":{"line":303,"column":61}},"92":{"start":{"line":305,"column":6},"end":{"line":310,"column":7}},"93":{"start":{"line":306,"column":8},"end":{"line":309,"column":11}},"94":{"start":{"line":313,"column":6},"end":{"line":320,"column":7}},"95":{"start":{"line":314,"column":8},"end":{"line":319,"column":9}},"96":{"start":{"line":315,"column":10},"end":{"line":315,"column":64}},"97":{"start":{"line":317,"column":10},"end":{"line":317,"column":59}},"98":{"start":{"line":318,"column":10},"end":{"line":318,"column":35}},"99":{"start":{"line":322,"column":21},"end":{"line":322,"column":48}},"100":{"start":{"line":324,"column":31},"end":{"line":332,"column":7}},"101":{"start":{"line":325,"column":26},"end":{"line":325,"column":118}},"102":{"start":{"line":326,"column":24},"end":{"line":328,"column":50}},"103":{"start":{"line":330,"column":26},"end":{"line":330,"column":111}},"104":{"start":{"line":331,"column":8},"end":{"line":331,"column":124}},"105":{"start":{"line":334,"column":23},"end":{"line":334,"column":100}},"106":{"start":{"line":336,"column":6},"end":{"line":336,"column":105}},"107":{"start":{"line":337,"column":6},"end":{"line":337,"column":81}},"108":{"start":{"line":338,"column":6},"end":{"line":338,"column":23}},"109":{"start":{"line":340,"column":6},"end":{"line":340,"column":61}},"110":{"start":{"line":342,"column":6},"end":{"line":342,"column":65}},"111":{"start":{"line":343,"column":6},"end":{"line":347,"column":9}},"112":{"start":{"line":355,"column":4},"end":{"line":404,"column":5}},"113":{"start":{"line":356,"column":21},"end":{"line":356,"column":31}},"114":{"start":{"line":357,"column":6},"end":{"line":357,"column":53}},"115":{"start":{"line":359,"column":21},"end":{"line":359,"column":61}},"116":{"start":{"line":361,"column":6},"end":{"line":366,"column":7}},"117":{"start":{"line":362,"column":8},"end":{"line":365,"column":11}},"118":{"start":{"line":369,"column":6},"end":{"line":376,"column":7}},"119":{"start":{"line":370,"column":8},"end":{"line":375,"column":9}},"120":{"start":{"line":371,"column":10},"end":{"line":371,"column":64}},"121":{"start":{"line":373,"column":10},"end":{"line":373,"column":59}},"122":{"start":{"line":374,"column":10},"end":{"line":374,"column":35}},"123":{"start":{"line":378,"column":21},"end":{"line":378,"column":46}},"124":{"start":{"line":380,"column":31},"end":{"line":388,"column":7}},"125":{"start":{"line":381,"column":26},"end":{"line":381,"column":118}},"126":{"start":{"line":382,"column":24},"end":{"line":384,"column":50}},"127":{"start":{"line":386,"column":26},"end":{"line":386,"column":111}},"128":{"start":{"line":387,"column":8},"end":{"line":387,"column":124}},"129":{"start":{"line":390,"column":23},"end":{"line":390,"column":99}},"130":{"start":{"line":392,"column":6},"end":{"line":392,"column":55}},"131":{"start":{"line":393,"column":6},"end":{"line":393,"column":81}},"132":{"start":{"line":394,"column":6},"end":{"line":394,"column":23}},"133":{"start":{"line":396,"column":6},"end":{"line":396,"column":59}},"134":{"start":{"line":398,"column":6},"end":{"line":398,"column":63}},"135":{"start":{"line":399,"column":6},"end":{"line":403,"column":9}},"136":{"start":{"line":411,"column":4},"end":{"line":440,"column":5}},"137":{"start":{"line":412,"column":49},"end":{"line":412,"column":58}},"138":{"start":{"line":414,"column":6},"end":{"line":419,"column":7}},"139":{"start":{"line":415,"column":8},"end":{"line":418,"column":11}},"140":{"start":{"line":421,"column":19},"end":{"line":425,"column":8}},"141":{"start":{"line":427,"column":6},"end":{"line":432,"column":9}},"142":{"start":{"line":434,"column":6},"end":{"line":434,"column":73}},"143":{"start":{"line":435,"column":6},"end":{"line":439,"column":9}},"144":{"start":{"line":447,"column":4},"end":{"line":481,"column":5}},"145":{"start":{"line":448,"column":49},"end":{"line":448,"column":58}},"146":{"start":{"line":450,"column":6},"end":{"line":455,"column":7}},"147":{"start":{"line":451,"column":8},"end":{"line":454,"column":11}},"148":{"start":{"line":457,"column":19},"end":{"line":461,"column":8}},"149":{"start":{"line":463,"column":21},"end":{"line":467,"column":8}},"150":{"start":{"line":469,"column":23},"end":{"line":469,"column":132}},"151":{"start":{"line":471,"column":6},"end":{"line":471,"column":105}},"152":{"start":{"line":472,"column":6},"end":{"line":472,"column":81}},"153":{"start":{"line":473,"column":6},"end":{"line":473,"column":23}},"154":{"start":{"line":475,"column":6},"end":{"line":475,"column":84}},"155":{"start":{"line":476,"column":6},"end":{"line":480,"column":9}},"156":{"start":{"line":488,"column":4},"end":{"line":522,"column":5}},"157":{"start":{"line":489,"column":49},"end":{"line":489,"column":58}},"158":{"start":{"line":491,"column":6},"end":{"line":496,"column":7}},"159":{"start":{"line":492,"column":8},"end":{"line":495,"column":11}},"160":{"start":{"line":498,"column":19},"end":{"line":502,"column":8}},"161":{"start":{"line":504,"column":21},"end":{"line":508,"column":8}},"162":{"start":{"line":510,"column":23},"end":{"line":510,"column":131}},"163":{"start":{"line":512,"column":6},"end":{"line":512,"column":55}},"164":{"start":{"line":513,"column":6},"end":{"line":513,"column":81}},"165":{"start":{"line":514,"column":6},"end":{"line":514,"column":23}},"166":{"start":{"line":516,"column":6},"end":{"line":516,"column":82}},"167":{"start":{"line":517,"column":6},"end":{"line":521,"column":9}},"168":{"start":{"line":526,"column":0},"end":{"line":526,"column":35}}},"fnMap":{"0":{"name":"(anonymous_0)","decl":{"start":{"line":14,"column":2},"end":{"line":14,"column":3}},"loc":{"start":{"line":14,"column":45},"end":{"line":73,"column":3}},"line":14},"1":{"name":"(anonymous_1)","decl":{"start":{"line":78,"column":2},"end":{"line":78,"column":3}},"loc":{"start":{"line":78,"column":39},"end":{"line":123,"column":3}},"line":78},"2":{"name":"(anonymous_2)","decl":{"start":{"line":128,"column":2},"end":{"line":128,"column":3}},"loc":{"start":{"line":128,"column":39},"end":{"line":158,"column":3}},"line":128},"3":{"name":"(anonymous_3)","decl":{"start":{"line":163,"column":2},"end":{"line":163,"column":3}},"loc":{"start":{"line":163,"column":38},"end":{"line":195,"column":3}},"line":163},"4":{"name":"(anonymous_4)","decl":{"start":{"line":200,"column":2},"end":{"line":200,"column":3}},"loc":{"start":{"line":200,"column":43},"end":{"line":231,"column":3}},"line":200},"5":{"name":"(anonymous_5)","decl":{"start":{"line":236,"column":2},"end":{"line":236,"column":3}},"loc":{"start":{"line":236,"column":38},"end":{"line":267,"column":3}},"line":236},"6":{"name":"(anonymous_6)","decl":{"start":{"line":272,"column":2},"end":{"line":272,"column":3}},"loc":{"start":{"line":272,"column":40},"end":{"line":293,"column":3}},"line":272},"7":{"name":"(anonymous_7)","decl":{"start":{"line":298,"column":2},"end":{"line":298,"column":3}},"loc":{"start":{"line":298,"column":45},"end":{"line":349,"column":3}},"line":298},"8":{"name":"(anonymous_8)","decl":{"start":{"line":324,"column":31},"end":{"line":324,"column":32}},"loc":{"start":{"line":324,"column":37},"end":{"line":332,"column":7}},"line":324},"9":{"name":"(anonymous_9)","decl":{"start":{"line":354,"column":2},"end":{"line":354,"column":3}},"loc":{"start":{"line":354,"column":43},"end":{"line":405,"column":3}},"line":354},"10":{"name":"(anonymous_10)","decl":{"start":{"line":380,"column":31},"end":{"line":380,"column":32}},"loc":{"start":{"line":380,"column":37},"end":{"line":388,"column":7}},"line":380},"11":{"name":"(anonymous_11)","decl":{"start":{"line":410,"column":2},"end":{"line":410,"column":3}},"loc":{"start":{"line":410,"column":49},"end":{"line":441,"column":3}},"line":410},"12":{"name":"(anonymous_12)","decl":{"start":{"line":446,"column":2},"end":{"line":446,"column":3}},"loc":{"start":{"line":446,"column":51},"end":{"line":482,"column":3}},"line":446},"13":{"name":"(anonymous_13)","decl":{"start":{"line":487,"column":2},"end":{"line":487,"column":3}},"loc":{"start":{"line":487,"column":49},"end":{"line":523,"column":3}},"line":487}},"branchMap":{"0":{"loc":{"start":{"line":21,"column":6},"end":{"line":26,"column":7}},"type":"if","locations":[{"start":{"line":21,"column":6},"end":{"line":26,"column":7}},{"start":{},"end":{}}],"line":21},"1":{"loc":{"start":{"line":21,"column":10},"end":{"line":21,"column":47}},"type":"binary-expr","locations":[{"start":{"line":21,"column":10},"end":{"line":21,"column":19}},{"start":{"line":21,"column":23},"end":{"line":21,"column":34}},{"start":{"line":21,"column":38},"end":{"line":21,"column":47}}],"line":21},"2":{"loc":{"start":{"line":31,"column":6},"end":{"line":36,"column":7}},"type":"if","locations":[{"start":{"line":31,"column":6},"end":{"line":36,"column":7}},{"start":{},"end":{}}],"line":31},"3":{"loc":{"start":{"line":31,"column":10},"end":{"line":31,"column":78}},"type":"binary-expr","locations":[{"start":{"line":31,"column":10},"end":{"line":31,"column":43}},{"start":{"line":31,"column":47},"end":{"line":31,"column":78}}],"line":31},"4":{"loc":{"start":{"line":38,"column":6},"end":{"line":43,"column":7}},"type":"if","locations":[{"start":{"line":38,"column":6},"end":{"line":43,"column":7}},{"start":{},"end":{}}],"line":38},"5":{"loc":{"start":{"line":60,"column":6},"end":{"line":65,"column":7}},"type":"if","locations":[{"start":{"line":60,"column":6},"end":{"line":65,"column":7}},{"start":{},"end":{}}],"line":60},"6":{"loc":{"start":{"line":70,"column":15},"end":{"line":70,"column":95}},"type":"cond-expr","locations":[{"start":{"line":70,"column":56},"end":{"line":70,"column":69}},{"start":{"line":70,"column":72},"end":{"line":70,"column":95}}],"line":70},"7":{"loc":{"start":{"line":84,"column":6},"end":{"line":86,"column":7}},"type":"if","locations":[{"start":{"line":84,"column":6},"end":{"line":86,"column":7}},{"start":{},"end":{}}],"line":84},"8":{"loc":{"start":{"line":88,"column":6},"end":{"line":90,"column":7}},"type":"if","locations":[{"start":{"line":88,"column":6},"end":{"line":90,"column":7}},{"start":{},"end":{}}],"line":88},"9":{"loc":{"start":{"line":92,"column":6},"end":{"line":94,"column":7}},"type":"if","locations":[{"start":{"line":92,"column":6},"end":{"line":94,"column":7}},{"start":{},"end":{}}],"line":92},"10":{"loc":{"start":{"line":97,"column":6},"end":{"line":99,"column":7}},"type":"if","locations":[{"start":{"line":97,"column":6},"end":{"line":99,"column":7}},{"start":{},"end":{}}],"line":97},"11":{"loc":{"start":{"line":97,"column":10},"end":{"line":97,"column":52}},"type":"binary-expr","locations":[{"start":{"line":97,"column":10},"end":{"line":97,"column":29}},{"start":{"line":97,"column":33},"end":{"line":97,"column":52}}],"line":97},"12":{"loc":{"start":{"line":101,"column":6},"end":{"line":103,"column":7}},"type":"if","locations":[{"start":{"line":101,"column":6},"end":{"line":103,"column":7}},{"start":{},"end":{}}],"line":101},"13":{"loc":{"start":{"line":101,"column":10},"end":{"line":101,"column":48}},"type":"binary-expr","locations":[{"start":{"line":101,"column":10},"end":{"line":101,"column":27}},{"start":{"line":101,"column":31},"end":{"line":101,"column":48}}],"line":101},"14":{"loc":{"start":{"line":120,"column":15},"end":{"line":120,"column":95}},"type":"cond-expr","locations":[{"start":{"line":120,"column":56},"end":{"line":120,"column":69}},{"start":{"line":120,"column":72},"end":{"line":120,"column":95}}],"line":120},"15":{"loc":{"start":{"line":136,"column":6},"end":{"line":141,"column":7}},"type":"if","locations":[{"start":{"line":136,"column":6},"end":{"line":141,"column":7}},{"start":{},"end":{}}],"line":136},"16":{"loc":{"start":{"line":155,"column":15},"end":{"line":155,"column":95}},"type":"cond-expr","locations":[{"start":{"line":155,"column":56},"end":{"line":155,"column":69}},{"start":{"line":155,"column":72},"end":{"line":155,"column":95}}],"line":155},"17":{"loc":{"start":{"line":182,"column":6},"end":{"line":187,"column":7}},"type":"if","locations":[{"start":{"line":182,"column":6},"end":{"line":187,"column":7}},{"start":{},"end":{}}],"line":182},"18":{"loc":{"start":{"line":192,"column":15},"end":{"line":192,"column":95}},"type":"cond-expr","locations":[{"start":{"line":192,"column":56},"end":{"line":192,"column":69}},{"start":{"line":192,"column":72},"end":{"line":192,"column":95}}],"line":192},"19":{"loc":{"start":{"line":218,"column":6},"end":{"line":223,"column":7}},"type":"if","locations":[{"start":{"line":218,"column":6},"end":{"line":223,"column":7}},{"start":{},"end":{}}],"line":218},"20":{"loc":{"start":{"line":228,"column":15},"end":{"line":228,"column":95}},"type":"cond-expr","locations":[{"start":{"line":228,"column":56},"end":{"line":228,"column":69}},{"start":{"line":228,"column":72},"end":{"line":228,"column":95}}],"line":228},"21":{"loc":{"start":{"line":254,"column":6},"end":{"line":259,"column":7}},"type":"if","locations":[{"start":{"line":254,"column":6},"end":{"line":259,"column":7}},{"start":{},"end":{}}],"line":254},"22":{"loc":{"start":{"line":264,"column":15},"end":{"line":264,"column":95}},"type":"cond-expr","locations":[{"start":{"line":264,"column":56},"end":{"line":264,"column":69}},{"start":{"line":264,"column":72},"end":{"line":264,"column":95}}],"line":264},"23":{"loc":{"start":{"line":290,"column":15},"end":{"line":290,"column":95}},"type":"cond-expr","locations":[{"start":{"line":290,"column":56},"end":{"line":290,"column":69}},{"start":{"line":290,"column":72},"end":{"line":290,"column":95}}],"line":290},"24":{"loc":{"start":{"line":305,"column":6},"end":{"line":310,"column":7}},"type":"if","locations":[{"start":{"line":305,"column":6},"end":{"line":310,"column":7}},{"start":{},"end":{}}],"line":305},"25":{"loc":{"start":{"line":313,"column":6},"end":{"line":320,"column":7}},"type":"if","locations":[{"start":{"line":313,"column":6},"end":{"line":320,"column":7}},{"start":{},"end":{}}],"line":313},"26":{"loc":{"start":{"line":313,"column":10},"end":{"line":313,"column":72}},"type":"binary-expr","locations":[{"start":{"line":313,"column":10},"end":{"line":313,"column":29}},{"start":{"line":313,"column":33},"end":{"line":313,"column":72}}],"line":313},"27":{"loc":{"start":{"line":325,"column":26},"end":{"line":325,"column":118}},"type":"cond-expr","locations":[{"start":{"line":325,"column":46},"end":{"line":325,"column":73}},{"start":{"line":325,"column":76},"end":{"line":325,"column":118}}],"line":325},"28":{"loc":{"start":{"line":326,"column":24},"end":{"line":328,"column":50}},"type":"cond-expr","locations":[{"start":{"line":327,"column":12},"end":{"line":327,"column":37}},{"start":{"line":328,"column":12},"end":{"line":328,"column":50}}],"line":326},"29":{"loc":{"start":{"line":346,"column":15},"end":{"line":346,"column":95}},"type":"cond-expr","locations":[{"start":{"line":346,"column":56},"end":{"line":346,"column":69}},{"start":{"
[...]
ne":59,"column":30},"end":{"line":59,"column":39}}],"line":59},"5":{"loc":{"start":{"line":87,"column":2},"end":{"line":90,"column":3}},"type":"if","locations":[{"start":{"line":87,"column":2},"end":{"line":90,"column":3}},{"start":{},"end":{}}],"line":87},"6":{"loc":{"start":{"line":87,"column":6},"end":{"line":87,"column":72}},"type":"binary-expr","locations":[{"start":{"line":87,"column":6},"end":{"line":87,"column":25}},{"start":{"line":87,"column":29},"end":{"line":87,"column":72}}],"line":87},"7":{"loc":{"start":{"line":99,"column":47},"end":{"line":99,"column":93}},"type":"binary-expr","locations":[{"start":{"line":99,"column":47},"end":{"line":99,"column":88}},{"start":{"line":99,"column":92},"end":{"line":99,"column":93}}],"line":99},"8":{"loc":{"start":{"line":99,"column":179},"end":{"line":99,"column":220}},"type":"binary-expr","locations":[{"start":{"line":99,"column":179},"end":{"line":99,"column":215}},{"start":{"line":99,"column":219},"end":{"line":99,"column":220}}],"line":99},"9":{"loc":{"start":{"line":105,"column":24},"end":{"line":105,"column":59}},"type":"binary-expr","locations":[{"start":{"line":105,"column":24},"end":{"line":105,"column":54}},{"start":{"line":105,"column":58},"end":{"line":105,"column":59}}],"line":105},"10":{"loc":{"start":{"line":106,"column":43},"end":{"line":106,"column":83}},"type":"binary-expr","locations":[{"start":{"line":106,"column":43},"end":{"line":106,"column":78}},{"start":{"line":106,"column":82},"end":{"line":106,"column":83}}],"line":106},"11":{"loc":{"start":{"line":126,"column":24},"end":{"line":126,"column":116}},"type":"cond-expr","locations":[{"start":{"line":126,"column":44},"end":{"line":126,"column":71}},{"start":{"line":126,"column":74},"end":{"line":126,"column":116}}],"line":126},"12":{"loc":{"start":{"line":127,"column":22},"end":{"line":127,"column":106}},"type":"cond-expr","locations":[{"start":{"line":127,"column":40},"end":{"line":127,"column":65}},{"start":{"line":127,"column":68},"end":{"line":127,"column":106}}],"line":127},"13":{"loc":{"start":{"line":142,"column":39},"end":{"line":142,"column":62}},"type":"default-arg","locations":[{"start":{"line":142,"column":53},"end":{"line":142,"column":62}}],"line":142},"14":{"loc":{"start":{"line":142,"column":64},"end":{"line":142,"column":88}},"type":"default-arg","locations":[{"start":{"line":142,"column":83},"end":{"line":142,"column":88}}],"line":142},"15":{"loc":{"start":{"line":167,"column":10},"end":{"line":170,"column":11}},"type":"if","locations":[{"start":{"line":167,"column":10},"end":{"line":170,"column":11}},{"start":{},"end":{}}],"line":167},"16":{"loc":{"start":{"line":167,"column":14},"end":{"line":167,"column":43}},"type":"binary-expr","locations":[{"start":{"line":167,"column":14},"end":{"line":167,"column":30}},{"start":{"line":167,"column":34},"end":{"line":167,"column":43}}],"line":167},"17":{"loc":{"start":{"line":177,"column":32},"end":{"line":177,"column":94}},"type":"cond-expr","locations":[{"start":{"line":177,"column":64},"end":{"line":177,"column":80}},{"start":{"line":177,"column":83},"end":{"line":177,"column":94}}],"line":177},"18":{"loc":{"start":{"line":177,"column":32},"end":{"line":177,"column":61}},"type":"binary-expr","locations":[{"start":{"line":177,"column":32},"end":{"line":177,"column":41}},{"start":{"line":177,"column":45},"end":{"line":177,"column":61}}],"line":177},"19":{"loc":{"start":{"line":197,"column":6},"end":{"line":202,"column":7}},"type":"if","locations":[{"start":{"line":197,"column":6},"end":{"line":202,"column":7}},{"start":{},"end":{}}],"line":197},"20":{"loc":{"start":{"line":197,"column":10},"end":{"line":197,"column":76}},"type":"binary-expr","locations":[{"start":{"line":197,"column":10},"end":{"line":197,"column":29}},{"start":{"line":197,"column":33},"end":{"line":197,"column":76}}],"line":197},"21":{"loc":{"start":{"line":211,"column":51},"end":{"line":211,"column":97}},"type":"binary-expr","locations":[{"start":{"line":211,"column":51},"end":{"line":211,"column":92}},{"start":{"line":211,"column":96},"end":{"line":211,"column":97}}],"line":211},"22":{"loc":{"start":{"line":211,"column":183},"end":{"line":211,"column":224}},"type":"binary-expr","locations":[{"start":{"line":211,"column":183},"end":{"line":211,"column":219}},{"start":{"line":211,"column":223},"end":{"line":211,"column":224}}],"line":211},"23":{"loc":{"start":{"line":217,"column":28},"end":{"line":217,"column":63}},"type":"binary-expr","locations":[{"start":{"line":217,"column":28},"end":{"line":217,"column":58}},{"start":{"line":217,"column":62},"end":{"line":217,"column":63}}],"line":217},"24":{"loc":{"start":{"line":218,"column":47},"end":{"line":218,"column":87}},"type":"binary-expr","locations":[{"start":{"line":218,"column":47},"end":{"line":218,"column":82}},{"start":{"line":218,"column":86},"end":{"line":218,"column":87}}],"line":218}},"s":{"0":2,"1":2,"2":0,"3":0,"4":0,"5":0,"6":0,"7":0,"8":0,"9":0,"10":0,"11":0,"12":0,"13":0,"14":0,"15":0,"16":0,"17":0,"18":0,"19":0,"20":0,"21":0,"22":0,"23":0,"24":0,"25":0,"26":0,"27":0,"28":0,"29":0,"30":0,"31":0,"32":0,"33":0,"34":0,"35":0,"36":0,"37":0,"38":0,"39":0,"40":0,"41":0,"42":0,"43":0,"44":0,"45":0,"46":0,"47":0,"48":0,"49":0,"50":0,"51":0,"52":0,"53":0,"54":0,"55":0,"56":0,"57":0,"58":0,"59":0,"60":0,"61":0,"62":0,"63":0,"64":0,"65":0,"66":0,"67":0,"68":0,"69":0,"70":0,"71":0,"72":0,"73":0,"74":0,"75":0,"76":0,"77":0,"78":0,"79":0,"80":0,"81":0,"82":0,"83":0,"84":0,"85":0,"86":0,"87":0,"88":0,"89":0,"90":0,"91":0,"92":0,"93":0,"94":0,"95":0,"96":0,"97":0,"98":2},"f":{"0":0,"1":0,"2":0,"3":0,"4":0,"5":0,"6":0,"7":0,"8":0,"9":0,"10":0,"11":0},"b":{"0":[0,0],"1":[0,0],"2":[0],"3":[0,0],"4":[0,0],"5":[0,0],"6":[0,0],"7":[0,0],"8":[0,0],"9":[0,0],"10":[0,0],"11":[0,0],"12":[0,0],"13":[0],"14":[0],"15":[0,0],"16":[0,0],"17":[0,0],"18":[0,0],"19":[0,0],"20":[0,0],"21":[0,0],"22":[0,0],"23":[0,0],"24":[0,0]},"_coverageSchema":"1a1c01bbd47fc00a2c39e90264f33305004495a9","hash":"22cf11fc23cee0f6c41a21efb992e11295c78952"}
,"C:\\Users\\GeorgioHayek\\Desktop\\Applications\\finders-system\\finders-crm\\backend\\utils\\saleRentSourceReportExporter.js": {"path":"C:\\Users\\GeorgioHayek\\Desktop\\Applications\\finders-system\\finders-crm\\backend\\utils\\saleRentSourceReportExporter.js","statementMap":{"0":{"start":{"line":1,"column":16},"end":{"line":1,"column":34}},"1":{"start":{"line":2,"column":20},"end":{"line":2,"column":37}},"2":{"start":{"line":14,"column":19},"end":{"line":14,"column":41}},"3":{"start":{"line":15,"column":20},"end":{"line":15,"column":63}},"4":{"start":{"line":18,"column":21},"end":{"line":40,"column":3}},"5":{"start":{"line":19,"column":4},"end":{"line":19,"column":32}},"6":{"start":{"line":19,"column":21},"end":{"line":19,"column":32}},"7":{"start":{"line":20,"column":4},"end":{"line":39,"column":5}},"8":{"start":{"line":22,"column":6},"end":{"line":24,"column":7}},"9":{"start":{"line":23,"column":8},"end":{"line":23,"column":26}},"10":{"start":{"line":26,"column":19},"end":{"line":26,"column":39}},"11":{"start":{"line":27,"column":6},"end":{"line":27,"column":51}},"12":{"start":{"line":27,"column":33},"end":{"line":27,"column":51}},"13":{"start":{"line":28,"column":19},"end":{"line":28,"column":37}},"14":{"start":{"line":29,"column":20},"end":{"line":29,"column":64}},"15":{"start":{"line":30,"column":18},"end":{"line":30,"column":57}},"16":{"start":{"line":31,"column":6},"end":{"line":31,"column":39}},"17":{"start":{"line":34,"column":6},"end":{"line":37,"column":7}},"18":{"start":{"line":35,"column":25},"end":{"line":35,"column":77}},"19":{"start":{"line":36,"column":8},"end":{"line":36,"column":24}},"20":{"start":{"line":38,"column":6},"end":{"line":38,"column":24}},"21":{"start":{"line":42,"column":2},"end":{"line":50,"column":4}},"22":{"start":{"line":53,"column":2},"end":{"line":53,"column":32}},"23":{"start":{"line":54,"column":20},"end":{"line":54,"column":43}},"24":{"start":{"line":55,"column":2},"end":{"line":55,"column":77}},"25":{"start":{"line":56,"column":2},"end":{"line":56,"column":44}},"26":{"start":{"line":57,"column":2},"end":{"line":57,"column":49}},"27":{"start":{"line":60,"column":2},"end":{"line":60,"column":32}},"28":{"start":{"line":61,"column":21},"end":{"line":61,"column":44}},"29":{"start":{"line":62,"column":2},"end":{"line":62,"column":68}},"30":{"start":{"line":63,"column":2},"end":{"line":63,"column":37}},"31":{"start":{"line":64,"column":2},"end":{"line":64,"column":50}},"32":{"start":{"line":67,"column":20},"end":{"line":67,"column":39}},"33":{"start":{"line":68,"column":2},"end":{"line":68,"column":62}},"34":{"start":{"line":68,"column":50},"end":{"line":68,"column":60}},"35":{"start":{"line":69,"column":2},"end":{"line":69,"column":34}},"36":{"start":{"line":70,"column":2},"end":{"line":74,"column":4}},"37":{"start":{"line":77,"column":22},"end":{"line":77,"column":23}},"38":{"start":{"line":78,"column":2},"end":{"line":99,"column":5}},"39":{"start":{"line":79,"column":22},"end":{"line":87,"column":5}},"40":{"start":{"line":88,"column":21},"end":{"line":88,"column":52}},"41":{"start":{"line":89,"column":4},"end":{"line":97,"column":6}},"42":{"start":{"line":98,"column":4},"end":{"line":98,"column":20}},"43":{"start":{"line":101,"column":2},"end":{"line":101,"column":37}},"44":{"start":{"line":114,"column":2},"end":{"line":207,"column":5}},"45":{"start":{"line":115,"column":4},"end":{"line":206,"column":5}},"46":{"start":{"line":116,"column":18},"end":{"line":116,"column":61}},"47":{"start":{"line":117,"column":21},"end":{"line":117,"column":23}},"48":{"start":{"line":119,"column":6},"end":{"line":119,"column":50}},"49":{"start":{"line":119,"column":30},"end":{"line":119,"column":48}},"50":{"start":{"line":120,"column":6},"end":{"line":120,"column":58}},"51":{"start":{"line":120,"column":26},"end":{"line":120,"column":56}},"52":{"start":{"line":121,"column":6},"end":{"line":121,"column":30}},"53":{"start":{"line":124,"column":6},"end":{"line":126,"column":9}},"54":{"start":{"line":127,"column":6},"end":{"line":127,"column":24}},"55":{"start":{"line":128,"column":6},"end":{"line":128,"column":83}},"56":{"start":{"line":129,"column":6},"end":{"line":129,"column":24}},"57":{"start":{"line":130,"column":6},"end":{"line":132,"column":9}},"58":{"start":{"line":133,"column":6},"end":{"line":133,"column":22}},"59":{"start":{"line":136,"column":25},"end":{"line":158,"column":7}},"60":{"start":{"line":137,"column":8},"end":{"line":137,"column":36}},"61":{"start":{"line":137,"column":25},"end":{"line":137,"column":36}},"62":{"start":{"line":138,"column":8},"end":{"line":157,"column":9}},"63":{"start":{"line":140,"column":10},"end":{"line":142,"column":11}},"64":{"start":{"line":141,"column":12},"end":{"line":141,"column":30}},"65":{"start":{"line":144,"column":23},"end":{"line":144,"column":43}},"66":{"start":{"line":145,"column":10},"end":{"line":145,"column":55}},"67":{"start":{"line":145,"column":37},"end":{"line":145,"column":55}},"68":{"start":{"line":146,"column":23},"end":{"line":146,"column":41}},"69":{"start":{"line":147,"column":24},"end":{"line":147,"column":68}},"70":{"start":{"line":148,"column":22},"end":{"line":148,"column":61}},"71":{"start":{"line":149,"column":10},"end":{"line":149,"column":43}},"72":{"start":{"line":152,"column":10},"end":{"line":155,"column":11}},"73":{"start":{"line":153,"column":29},"end":{"line":153,"column":81}},"74":{"start":{"line":154,"column":12},"end":{"line":154,"column":28}},"75":{"start":{"line":156,"column":10},"end":{"line":156,"column":28}},"76":{"start":{"line":161,"column":21},"end":{"line":161,"column":23}},"77":{"start":{"line":162,"column":14},"end":{"line":162,"column":19}},"78":{"start":{"line":163,"column":24},"end":{"line":163,"column":54}},"79":{"start":{"line":165,"column":22},"end":{"line":181,"column":7}},"80":{"start":{"line":166,"column":16},"end":{"line":166,"column":22}},"81":{"start":{"line":167,"column":8},"end":{"line":179,"column":11}},"82":{"start":{"line":168,"column":24},"end":{"line":168,"column":40}},"83":{"start":{"line":169,"column":10},"end":{"line":172,"column":11}},"84":{"start":{"line":170,"column":12},"end":{"line":170,"column":58}},"85":{"start":{"line":171,"column":12},"end":{"line":171,"column":37}},"86":{"start":{"line":173,"column":10},"end":{"line":173,"column":74}},"87":{"start":{"line":174,"column":10},"end":{"line":177,"column":13}},"88":{"start":{"line":178,"column":10},"end":{"line":178,"column":21}},"89":{"start":{"line":180,"column":8},"end":{"line":180,"column":16}},"90":{"start":{"line":183,"column":6},"end":{"line":183,"column":94}},"91":{"start":{"line":186,"column":6},"end":{"line":201,"column":9}},"92":{"start":{"line":187,"column":8},"end":{"line":191,"column":9}},"93":{"start":{"line":188,"column":10},"end":{"line":188,"column":24}},"94":{"start":{"line":189,"column":10},"end":{"line":189,"column":17}},"95":{"start":{"line":190,"column":10},"end":{"line":190,"column":98}},"96":{"start":{"line":192,"column":8},"end":{"line":200,"column":11}},"97":{"start":{"line":203,"column":6},"end":{"line":203,"column":16}},"98":{"start":{"line":205,"column":6},"end":{"line":205,"column":20}},"99":{"start":{"line":210,"column":0},"end":{"line":213,"column":2}}},"fnMap":{"0":{"name":"exportSaleRentSourceToExcel","decl":{"start":{"line":13,"column":15},"end":{"line":13,"column":42}},"loc":{"start":{"line":13,"column":55},"end":{"line":102,"column":1}},"line":13},"1":{"name":"(anonymous_1)","decl":{"start":{"line":18,"column":21},"end":{"line":18,"column":22}},"loc":{"start":{"line":18,"column":37},"end":{"line":40,"column":3}},"line":18},"2":{"name":"(anonymous_2)","decl":{"start":{"line":68,"column":43},"end":{"line":68,"column":44}},"loc":{"start":{"line":68,"column":50},"end":{"line":68,"column":60}},"line":68},"3":{"name":"(anonymous_3)","decl":{"start":{"line":78,"column":15},"end":{"line":78,"column":16}},"loc":{"start":{"line":78,"column":22},"end":{"line":99,"column":3}},"line":78},"4":{"name":"exportSaleRentSourceToPDF","decl":{"start":{"line":113,"column":9},"end":{"line":113,"column":34}},"loc":{"start":{"line":113,"column":47},"end":{"line":208,"column":1}},"line":113},"5":{"name":"(anonymous_5)","decl":{"start":{"line":114,"column":21},"end":{"line":114,"column":22}},"loc":{"start":{"line":114,"column":42},"end":{"line":207,"column":3}},"line":114},"6":{"name":"(anonymous_6)","decl":{"start":{"line":119,"column":21},"end":{"line":119,"column":22}},"loc":{"start":{"line":119,"column":30},"end":{"line":119,"column":48}},"line":119},"7":{"name":"(anonymous_7)","decl":{"start":{"line":120,"column":20},"end":{"line":120,"column":21}},"loc":{"start":{"line":120,"column":26},"end":{"line":120,"column":56}},"line":120},"8":{"name":"(anonymous_8)","decl":{"start":{"line":136,"column":25},"end":{"line":136,"column":26}},"loc":{"start":{"line":136,"column":41},"end":{"line":158,"column":7}},"line":136},"9":{"name":"(anonymous_9)","decl":{"start":{"line":165,"column":22},"end":{"line":165,"column":23}},"loc":{"start":{"line":165,"column":51},"end":{"line":181,"column":7}},"line":165},"10":{"name":"(anonymous_10)","decl":{"start":{"line":167,"column":22},"end":{"line":167,"column":23}},"loc":{"start":{"line":167,"column":39},"end":{"line":179,"column":9}},"line":167},"11":{"name":"(anonymous_11)","decl":{"start":{"line":186,"column":19},"end":{"line":186,"column":20}},"loc":{"start":{"line":186,"column":26},"end":{"line":201,"column":7}},"line":186}},"branchMap":{"0":{"loc":{"start":{"line":19,"column":4},"end":{"line":19,"column":32}},"type":"if","locations":[{"start":{"line":19,"column":4},"end":{"line":19,"column":32}},{"start":{},"end":{}}],"line":19},"1":{"loc":{"start":{"line":22,"column":6},"end":{"line":24,"column":7}},"type":"if","locations":[{"start":{"line":22,"column":6},"end":{"line":24,"column":7}},{"start":{},"end":{}}],"line":22},"2":{"loc":{"start":{"line":22,"column":10},"end":{"line":22,"column":82}},"type":"binary-expr","locations":[{"start":{"line":22,"column":10},"end":{"line":22,"column":40}},{"start":{"line":22,"column":44},"end":{"line":22,"column":82}}],"line":22},"3":{"loc":{"start":{"line":27,"column":6},"end":{"line":27,"column":51}},"type":"if","locations":[{"start":{"line":27,"column":6},"end":{"line":27,"column":51}},{"start":{},"end":{}}],"line":27},"4":{"loc":{"start":{"line":34,"column":6},"end":{"line":37,"column":7}},"type":"if","locations":[{"start":{"line":34,"column":6},"end":{"line":37,"column":7}},{"start":{},"end":{}}],"line":34},"5":{"loc":{"start":{"line":35,"column":25},"end":{"line":35,"column":77}},"type":"binary-expr","locations":[{"start":{"line":35,"column":25},"end":{"line":35,"column":49}},{"start":{"line":35,"column":53},"end":{"line":35,"column":77}}],"line":35},"6":{"loc":{"start":{"line":137,"column":8},"end":{"line":137,"column":36}},"type":"if","locations":[{"start":{"line":137,"column":8},"end":{"line":137,"column":36}},{"start":{},"end":{}}],"line":137},"7":{"loc":{"start":{"line":140,"column":10},"end":{"line":142,"column":11}},"type":"if","locations":[{"start":{"line":140,"column":10},"end":{"line":142,"column":11}},{"start":{},"end":{}}],"line":140},"8":{"loc":{"start":{"line":140,"column":14},"end":{"line":140,"column":86}},"type":"binary-expr","locations":[{"start":{"line":140,"column":14},"end":{"line":140,"column":44}},{"start":{"line":140,"column":48},"end":{"line":140,"column":86}}],"line":140},"9":{"loc":{"start":{"line":145,"column":10},"end":{"line":145,"column":55}},"type":"if","locations":[{"start":{"line":145,"column":10},"end":{"line":145,"column":55}},{"start":{},"end":{}}],"line":145},"10":{"loc":{"start":{"line":152,"column":10},"end":{"line":155,"column":11}},"type":"if","locations":[{"start":{"line":152,"column":10},"end":{"line":155,"column":11}},{"start":{},"end":{}}],"line":152},"11":{"loc":{"start":{"line":153,"column":29},"end":{"line":153,"column":81}},"type":"binary-expr","locations":[{"start":{"line":153,"column":29},"end":{"line":153,"column":53}},{"start":{"line":153,"column":57},"end":{"line":153,"column":81}}],"line":153},"12":{"loc":{"start":{"line":165,"column":30},"end":{"line":165,"column":46}},"type":"default-arg","locations":[{"start":{"line":165,"column":41},"end":{"line":165,"column":46}}],"line":165},"13":{"loc":{"start":{"line":169,"column":10},"end":{"line":172,"column":11}},"type":"if","locations":[{"start":{"line":169,"column":10},"end":{"line":172,"column":11}},{"start":{},"end":{}}],"line":169},"14":{"loc":{"start":{"line":173,"column":31},"end":{"line":173,"column":72}},"type":"cond-expr","locations":[{"start":{"line":173,"column":42},"end":{"line":173,"column":58}},{"start":{"line":173,"column":61},"end":{"line":173,"column":72}}],"line":173},"15":{"loc":{"start":{"line":187,"column":8},"end":{"line":191,"column":9}},"type":"if","locations":[{"start":{"line":187,"column":8},"end":{"line":191,"column":9}},{"start":{},"end":{}}],"line":187}},"s":{"0":2,"1":2,"2":0,"3":0,"4":0,"5":0,"6":0,"7":0,"8":0,"9":0,"10":0,"11":0,"12":0,"13":0,"14":0,"15":0,"16":0,"17":0,"18":0,"19":0,"20":0,"21":0,"22":0,"23":0,"24":0,"25":0,"26":0,"27":0,"28":0,"29":0,"30":0,"31":0,"32":0,"33":0,"34":0,"35":0,"36":0,"37":0,"38":0,"39":0,"40":0,"41":0,"42":0,"43":0,"44":0,"45":0,"46":0,"47":0,"48":0,"49":0,"50":0,"51":0,"52":0,"53":0,"54":0,"55":0,"56":0,"57":0,"58":0,"59":0,"60":0,"61":0,"62":0,"63":0,"64":0,"65":0,"66":0,"67":0,"68":0,"69":0,"70":0,"71":0,"72":0,"73":0,"74":0,"75":0,"76":0,"77":0,"78":0,"79":0,"80":0,"81":0,"82":0,"83":0,"84":0,"85":0,"86":0,"87":0,"88":0,"89":0,"90":0,"91":0,"92":0,"93":0,"94":0,"95":0,"96":0,"97":0,"98":0,"99":2},"f":{"0":0,"1":0,"2":0,"3":0,"4":0,"5":0,"6":0,"7":0,"8":0,"9":0,"10":0,"11":0},"b":{"0":[0,0],"1":[0,0],"2":[0,0],"3":[0,0],"4":[0,0],"5":[0,0],"6":[0,0],"7":[0,0],"8":[0,0],"9":[0,0],"10":[0,0],"11":[0,0],"12":[0],"13":[0,0],"14":[0,0],"15":[0,0]},"_coverageSchema":"1a1c01bbd47fc00a2c39e90264f33305004495a9","hash":"67ce0272f4499e11eb51c0acc8802dbb556c0700"}
}
