TN:
SF:config\db.js
FNF:0
FNH:0
DA:1,5
DA:2,5
DA:4,5
DA:6,5
DA:30,5
LF:5
LH:5
BRDA:7,0,0,0
BRDA:7,0,1,5
BRDA:19,1,0,5
BRDA:19,1,1,0
BRDA:20,2,0,5
BRDA:20,2,1,0
BRDA:21,3,0,5
BRDA:21,3,1,5
BRDA:22,4,0,5
BRDA:22,4,1,0
BRDA:23,5,0,5
BRDA:23,5,1,0
BRF:12
BRH:7
end_of_record
TN:
SF:controllers\dcsrReportsController.js
FN:11,getAllDCSRReports
FN:44,getDCSRReportById
FN:76,createDCSRReport
FN:135,updateDCSRReport
FN:170,recalculateDCSRReport
FN:204,deleteDCSRReport
FN:244,exportDCSRReportToExcel
FN:260,(anonymous_7)
FN:288,exportDCSRReportToPDF
FN:304,(anonymous_9)
FNF:10
FNH:6
FNDA:5,getAllDCSRReports
FNDA:3,getDCSRReportById
FNDA:7,createDCSRReport
FNDA:3,updateDCSRReport
FNDA:3,recalculateDCSRReport
FNDA:4,deleteDCSRReport
FNDA:0,exportDCSRReportToExcel
FNDA:0,(anonymous_7)
FNDA:0,exportDCSRReportToPDF
FNDA:0,(anonymous_9)
DA:4,1
DA:5,1
DA:12,5
DA:13,5
DA:15,5
DA:16,5
DA:17,5
DA:18,5
DA:19,5
DA:20,5
DA:21,5
DA:23,5
DA:25,4
DA:31,1
DA:32,1
DA:45,3
DA:46,3
DA:48,3
DA:50,2
DA:51,1
DA:57,1
DA:63,1
DA:64,1
DA:77,7
DA:78,7
DA:81,7
DA:82,2
DA:88,5
DA:89,5
DA:91,5
DA:92,1
DA:98,4
DA:99,1
DA:105,3
DA:106,3
DA:108,1
DA:114,2
DA:116,2
DA:117,1
DA:123,1
DA:136,3
DA:137,3
DA:138,3
DA:141,3
DA:142,3
DA:143,1
DA:149,2
DA:151,1
DA:157,1
DA:158,1
DA:171,3
DA:172,3
DA:175,3
DA:176,3
DA:177,1
DA:183,2
DA:185,1
DA:191,1
DA:192,1
DA:205,4
DA:206,4
DA:209,4
DA:210,4
DA:211,1
DA:217,3
DA:219,2
DA:220,1
DA:225,1
DA:231,1
DA:232,1
DA:245,0
DA:246,0
DA:247,0
DA:249,0
DA:251,0
DA:252,0
DA:258,0
DA:260,0
DA:261,0
DA:262,0
DA:263,0
DA:264,0
DA:267,0
DA:269,0
DA:270,0
DA:271,0
DA:273,0
DA:275,0
DA:276,0
DA:289,0
DA:290,0
DA:291,0
DA:293,0
DA:295,0
DA:296,0
DA:302,0
DA:304,0
DA:305,0
DA:306,0
DA:307,0
DA:308,0
DA:311,0
DA:313,0
DA:314,0
DA:315,0
DA:317,0
DA:319,0
DA:320,0
DA:328,1
LF:109
LH:71
BRDA:16,0,0,1
BRDA:16,0,1,4
BRDA:17,1,0,1
BRDA:17,1,1,4
BRDA:18,2,0,1
BRDA:18,2,1,4
BRDA:19,3,0,1
BRDA:19,3,1,4
BRDA:20,4,0,1
BRDA:20,4,1,4
BRDA:21,5,0,1
BRDA:21,5,1,4
BRDA:50,6,0,1
BRDA:50,6,1,1
BRDA:81,7,0,2
BRDA:81,7,1,5
BRDA:81,8,0,7
BRDA:81,8,1,6
BRDA:91,9,0,1
BRDA:91,9,1,4
BRDA:91,10,0,5
BRDA:91,10,1,4
BRDA:98,11,0,1
BRDA:98,11,1,3
BRDA:116,12,0,1
BRDA:116,12,1,1
BRDA:116,13,0,2
BRDA:116,13,1,1
BRDA:142,14,0,1
BRDA:142,14,1,2
BRDA:176,15,0,1
BRDA:176,15,1,2
BRDA:210,16,0,1
BRDA:210,16,1,3
BRDA:219,17,0,1
BRDA:219,17,1,1
BRDA:251,18,0,0
BRDA:251,18,1,0
BRDA:261,19,0,0
BRDA:261,19,1,0
BRDA:262,20,0,0
BRDA:262,20,1,0
BRDA:279,21,0,0
BRDA:279,21,1,0
BRDA:295,22,0,0
BRDA:295,22,1,0
BRDA:305,23,0,0
BRDA:305,23,1,0
BRDA:306,24,0,0
BRDA:306,24,1,0
BRDA:323,25,0,0
BRDA:323,25,1,0
BRF:52
BRH:36
end_of_record
TN:
SF:controllers\operationsCommissionController.js
FN:11,getAllReports
FN:54,getReportById
FN:89,createReport
FN:157,updateReport
FN:220,recalculateReport
FN:256,deleteReport
FN:292,exportReportToExcel
FN:308,(anonymous_7)
FN:335,exportReportToPDF
FN:351,(anonymous_9)
FNF:10
FNH:6
FNDA:5,getAllReports
FNDA:3,getReportById
FNDA:7,createReport
FNDA:4,updateReport
FNDA:3,recalculateReport
FNDA:3,deleteReport
FNDA:0,exportReportToExcel
FNDA:0,(anonymous_7)
FNDA:0,exportReportToPDF
FNDA:0,(anonymous_9)
DA:4,1
DA:5,1
DA:12,5
DA:13,5
DA:14,5
DA:16,5
DA:17,5
DA:18,5
DA:21,5
DA:22,1
DA:24,5
DA:25,1
DA:28,5
DA:29,5
DA:31,5
DA:33,4
DA:35,4
DA:41,1
DA:42,1
DA:55,3
DA:56,3
DA:57,3
DA:59,3
DA:61,2
DA:62,1
DA:68,1
DA:70,1
DA:76,1
DA:77,1
DA:90,7
DA:91,7
DA:93,7
DA:95,7
DA:96,2
DA:102,5
DA:103,5
DA:105,5
DA:106,1
DA:112,4
DA:113,1
DA:119,3
DA:120,3
DA:123,3
DA:124,3
DA:125,1
DA:131,2
DA:133,1
DA:135,1
DA:141,1
DA:142,1
DA:143,1
DA:158,4
DA:159,4
DA:160,4
DA:170,4
DA:173,4
DA:180,1
DA:186,3
DA:199,1
DA:201,1
DA:207,2
DA:208,2
DA:221,3
DA:222,3
DA:223,3
DA:225,3
DA:227,1
DA:229,1
DA:235,2
DA:237,2
DA:238,1
DA:244,1
DA:257,3
DA:258,3
DA:259,3
DA:261,3
DA:263,1
DA:265,1
DA:271,2
DA:273,2
DA:274,1
DA:280,1
DA:293,0
DA:294,0
DA:295,0
DA:297,0
DA:299,0
DA:300,0
DA:306,0
DA:308,0
DA:309,0
DA:310,0
DA:311,0
DA:312,0
DA:314,0
DA:316,0
DA:317,0
DA:318,0
DA:320,0
DA:322,0
DA:323,0
DA:336,0
DA:337,0
DA:338,0
DA:340,0
DA:342,0
DA:343,0
DA:349,0
DA:351,0
DA:352,0
DA:353,0
DA:354,0
DA:355,0
DA:357,0
DA:359,0
DA:360,0
DA:361,0
DA:363,0
DA:365,0
DA:366,0
DA:374,1
LF:121
LH:83
BRDA:17,0,0,1
BRDA:17,0,1,4
BRDA:18,1,0,1
BRDA:18,1,1,4
BRDA:21,2,0,1
BRDA:21,2,1,4
BRDA:21,3,0,5
BRDA:21,3,1,1
BRDA:24,4,0,1
BRDA:24,4,1,4
BRDA:24,5,0,5
BRDA:24,5,1,1
BRDA:28,6,0,1
BRDA:28,6,1,4
BRDA:29,7,0,1
BRDA:29,7,1,4
BRDA:61,8,0,1
BRDA:61,8,1,1
BRDA:95,9,0,2
BRDA:95,9,1,5
BRDA:95,10,0,7
BRDA:95,10,1,6
BRDA:105,11,0,1
BRDA:105,11,1,4
BRDA:105,12,0,5
BRDA:105,12,1,4
BRDA:112,13,0,1
BRDA:112,13,1,3
BRDA:124,14,0,1
BRDA:124,14,1,2
BRDA:142,15,0,1
BRDA:142,15,1,0
BRDA:143,16,0,1
BRDA:143,16,1,0
BRDA:145,17,0,1
BRDA:145,17,1,0
BRDA:147,18,0,0
BRDA:147,18,1,0
BRDA:173,19,0,1
BRDA:173,19,1,3
BRDA:173,20,0,4
BRDA:173,20,1,4
BRDA:173,20,2,3
BRDA:173,20,3,3
BRDA:173,20,4,3
BRDA:173,20,5,3
BRDA:173,20,6,3
BRDA:208,21,0,1
BRDA:208,21,1,1
BRDA:210,22,0,2
BRDA:210,22,1,0
BRDA:237,23,0,1
BRDA:237,23,1,1
BRDA:273,24,0,1
BRDA:273,24,1,1
BRDA:299,25,0,0
BRDA:299,25,1,0
BRDA:309,26,0,0
BRDA:309,26,1,0
BRDA:310,27,0,0
BRDA:310,27,1,0
BRDA:326,28,0,0
BRDA:326,28,1,0
BRDA:342,29,0,0
BRDA:342,29,1,0
BRDA:352,30,0,0
BRDA:352,30,1,0
BRDA:353,31,0,0
BRDA:353,31,1,0
BRDA:369,32,0,0
BRDA:369,32,1,0
BRF:71
BRH:49
end_of_record
TN:
SF:controllers\operationsDailyController.js
FN:11,getAllReports
FN:45,getReportById
FN:80,createReport
FN:141,updateReport
FN:186,recalculateReport
FN:222,deleteReport
FN:258,exportReportToExcel
FN:274,(anonymous_7)
FN:300,exportReportToPDF
FN:316,(anonymous_9)
FNF:10
FNH:6
FNDA:4,getAllReports
FNDA:3,getReportById
FNDA:7,createReport
FNDA:4,updateReport
FNDA:3,recalculateReport
FNDA:3,deleteReport
FNDA:0,exportReportToExcel
FNDA:0,(anonymous_7)
FNDA:0,exportReportToPDF
FNDA:0,(anonymous_9)
DA:4,1
DA:5,1
DA:12,4
DA:13,4
DA:14,4
DA:16,4
DA:17,4
DA:18,4
DA:19,4
DA:20,4
DA:22,4
DA:24,3
DA:26,3
DA:32,1
DA:33,1
DA:46,3
DA:47,3
DA:48,3
DA:50,3
DA:52,2
DA:53,1
DA:59,1
DA:61,1
DA:67,1
DA:68,1
DA:81,7
DA:82,7
DA:85,7
DA:87,7
DA:88,2
DA:94,5
DA:96,5
DA:97,1
DA:103,4
DA:105,4
DA:117,2
DA:119,2
DA:125,2
DA:126,2
DA:127,2
DA:142,4
DA:143,4
DA:144,4
DA:153,4
DA:155,4
DA:156,4
DA:157,4
DA:158,4
DA:159,4
DA:160,4
DA:161,4
DA:163,4
DA:165,2
DA:167,2
DA:173,2
DA:174,2
DA:187,3
DA:188,3
DA:189,3
DA:191,3
DA:193,1
DA:195,1
DA:201,2
DA:203,2
DA:204,1
DA:210,1
DA:223,3
DA:224,3
DA:225,3
DA:227,3
DA:229,1
DA:231,1
DA:237,2
DA:239,2
DA:240,1
DA:246,1
DA:259,0
DA:260,0
DA:261,0
DA:263,0
DA:265,0
DA:266,0
DA:272,0
DA:274,0
DA:275,0
DA:276,0
DA:277,0
DA:279,0
DA:281,0
DA:282,0
DA:283,0
DA:285,0
DA:287,0
DA:288,0
DA:301,0
DA:302,0
DA:303,0
DA:305,0
DA:307,0
DA:308,0
DA:314,0
DA:316,0
DA:317,0
DA:318,0
DA:319,0
DA:321,0
DA:323,0
DA:324,0
DA:325,0
DA:327,0
DA:329,0
DA:330,0
DA:338,1
LF:113
LH:77
BRDA:17,0,0,1
BRDA:17,0,1,3
BRDA:18,1,0,0
BRDA:18,1,1,4
BRDA:19,2,0,1
BRDA:19,2,1,3
BRDA:20,3,0,1
BRDA:20,3,1,3
BRDA:52,4,0,1
BRDA:52,4,1,1
BRDA:87,5,0,2
BRDA:87,5,1,5
BRDA:87,6,0,7
BRDA:87,6,1,6
BRDA:96,7,0,1
BRDA:96,7,1,4
BRDA:109,8,0,4
BRDA:109,8,1,2
BRDA:110,9,0,4
BRDA:110,9,1,2
BRDA:111,10,0,4
BRDA:111,10,1,2
BRDA:112,11,0,4
BRDA:112,11,1,2
BRDA:113,12,0,4
BRDA:113,12,1,2
BRDA:126,13,0,2
BRDA:126,13,1,1
BRDA:127,14,0,1
BRDA:127,14,1,1
BRDA:129,15,0,1
BRDA:129,15,1,1
BRDA:131,16,0,1
BRDA:131,16,1,0
BRDA:156,17,0,3
BRDA:156,17,1,1
BRDA:157,18,0,1
BRDA:157,18,1,3
BRDA:158,19,0,0
BRDA:158,19,1,4
BRDA:159,20,0,0
BRDA:159,20,1,4
BRDA:160,21,0,0
BRDA:160,21,1,4
BRDA:161,22,0,1
BRDA:161,22,1,3
BRDA:174,23,0,1
BRDA:174,23,1,1
BRDA:176,24,0,2
BRDA:176,24,1,0
BRDA:203,25,0,1
BRDA:203,25,1,1
BRDA:239,26,0,1
BRDA:239,26,1,1
BRDA:265,27,0,0
BRDA:265,27,1,0
BRDA:291,28,0,0
BRDA:291,28,1,0
BRDA:307,29,0,0
BRDA:307,29,1,0
BRDA:333,30,0,0
BRDA:333,30,1,0
BRF:62
BRH:48
end_of_record
TN:
SF:controllers\reportsController.js
FN:14,(anonymous_0)
FN:78,(anonymous_1)
FN:128,(anonymous_2)
FN:163,(anonymous_3)
FN:200,(anonymous_4)
FN:236,(anonymous_5)
FN:272,(anonymous_6)
FN:298,(anonymous_7)
FN:324,(anonymous_8)
FN:354,(anonymous_9)
FN:380,(anonymous_10)
FN:410,(anonymous_11)
FN:446,(anonymous_12)
FN:487,(anonymous_13)
FNF:14
FNH:8
FNDA:9,(anonymous_0)
FNDA:5,(anonymous_1)
FNDA:3,(anonymous_2)
FNDA:3,(anonymous_3)
FNDA:3,(anonymous_4)
FNDA:3,(anonymous_5)
FNDA:2,(anonymous_6)
FNDA:0,(anonymous_7)
FNDA:0,(anonymous_8)
FNDA:0,(anonymous_9)
FNDA:0,(anonymous_10)
FNDA:9,(anonymous_11)
FNDA:0,(anonymous_12)
FNDA:0,(anonymous_13)
DA:2,2
DA:3,2
DA:4,2
DA:8,2
DA:15,9
DA:16,9
DA:18,9
DA:21,9
DA:22,3
DA:28,6
DA:29,6
DA:31,6
DA:32,1
DA:38,5
DA:39,1
DA:45,4
DA:50,2
DA:52,2
DA:58,2
DA:60,2
DA:61,1
DA:67,1
DA:79,5
DA:80,5
DA:82,5
DA:84,5
DA:85,1
DA:88,5
DA:89,1
DA:92,5
DA:93,1
DA:97,5
DA:98,1
DA:101,5
DA:102,1
DA:105,5
DA:107,4
DA:109,4
DA:116,1
DA:117,1
DA:129,3
DA:130,3
DA:132,3
DA:134,3
DA:136,2
DA:137,1
DA:143,1
DA:145,1
DA:151,1
DA:152,1
DA:164,3
DA:165,3
DA:166,3
DA:168,3
DA:170,3
DA:172,1
DA:174,1
DA:180,2
DA:182,2
DA:183,1
DA:189,1
DA:201,3
DA:202,3
DA:204,3
DA:206,3
DA:208,1
DA:210,1
DA:216,2
DA:218,2
DA:219,1
DA:225,1
DA:237,3
DA:238,3
DA:240,3
DA:242,3
DA:244,1
DA:246,1
DA:252,2
DA:254,2
DA:255,1
DA:261,1
DA:273,2
DA:274,2
DA:276,2
DA:278,1
DA:280,1
DA:286,1
DA:287,1
DA:299,0
DA:300,0
DA:301,0
DA:303,0
DA:305,0
DA:306,0
DA:313,0
DA:314,0
DA:315,0
DA:317,0
DA:318,0
DA:322,0
DA:324,0
DA:325,0
DA:326,0
DA:330,0
DA:331,0
DA:334,0
DA:336,0
DA:337,0
DA:338,0
DA:340,0
DA:342,0
DA:343,0
DA:355,0
DA:356,0
DA:357,0
DA:359,0
DA:361,0
DA:362,0
DA:369,0
DA:370,0
DA:371,0
DA:373,0
DA:374,0
DA:378,0
DA:380,0
DA:381,0
DA:382,0
DA:386,0
DA:387,0
DA:390,0
DA:392,0
DA:393,0
DA:394,0
DA:396,0
DA:398,0
DA:399,0
DA:411,9
DA:412,9
DA:414,9
DA:415,3
DA:421,6
DA:427,5
DA:434,1
DA:435,1
DA:447,0
DA:448,0
DA:450,0
DA:451,0
DA:457,0
DA:463,0
DA:469,0
DA:471,0
DA:472,0
DA:473,0
DA:475,0
DA:476,0
DA:488,0
DA:489,0
DA:491,0
DA:492,0
DA:498,0
DA:504,0
DA:510,0
DA:512,0
DA:513,0
DA:514,0
DA:516,0
DA:517,0
DA:526,2
LF:169
LH:97
BRDA:21,0,0,3
BRDA:21,0,1,6
BRDA:21,1,0,9
BRDA:21,1,1,8
BRDA:21,1,2,7
BRDA:31,2,0,1
BRDA:31,2,1,5
BRDA:31,3,0,6
BRDA:31,3,1,5
BRDA:38,4,0,1
BRDA:38,4,1,4
BRDA:60,5,0,1
BRDA:60,5,1,1
BRDA:70,6,0,0
BRDA:70,6,1,1
BRDA:84,7,0,1
BRDA:84,7,1,4
BRDA:88,8,0,1
BRDA:88,8,1,4
BRDA:92,9,0,1
BRDA:92,9,1,4
BRDA:97,10,0,1
BRDA:97,10,1,4
BRDA:97,11,0,5
BRDA:97,11,1,1
BRDA:101,12,0,1
BRDA:101,12,1,4
BRDA:101,13,0,5
BRDA:101,13,1,1
BRDA:120,14,0,0
BRDA:120,14,1,1
BRDA:136,15,0,1
BRDA:136,15,1,1
BRDA:155,16,0,0
BRDA:155,16,1,1
BRDA:182,17,0,1
BRDA:182,17,1,1
BRDA:192,18,0,0
BRDA:192,18,1,1
BRDA:218,19,0,1
BRDA:218,19,1,1
BRDA:228,20,0,0
BRDA:228,20,1,1
BRDA:254,21,0,1
BRDA:254,21,1,1
BRDA:264,22,0,0
BRDA:264,22,1,1
BRDA:290,23,0,0
BRDA:290,23,1,1
BRDA:305,24,0,0
BRDA:305,24,1,0
BRDA:313,25,0,0
BRDA:313,25,1,0
BRDA:313,26,0,0
BRDA:313,26,1,0
BRDA:325,27,0,0
BRDA:325,27,1,0
BRDA:326,28,0,0
BRDA:326,28,1,0
BRDA:346,29,0,0
BRDA:346,29,1,0
BRDA:361,30,0,0
BRDA:361,30,1,0
BRDA:369,31,0,0
BRDA:369,31,1,0
BRDA:369,32,0,0
BRDA:369,32,1,0
BRDA:381,33,0,0
BRDA:381,33,1,0
BRDA:382,34,0,0
BRDA:382,34,1,0
BRDA:402,35,0,0
BRDA:402,35,1,0
BRDA:414,36,0,3
BRDA:414,36,1,6
BRDA:414,37,0,9
BRDA:414,37,1,8
BRDA:414,37,2,7
BRDA:438,38,0,0
BRDA:438,38,1,1
BRDA:450,39,0,0
BRDA:450,39,1,0
BRDA:450,40,0,0
BRDA:450,40,1,0
BRDA:450,40,2,0
BRDA:464,41,0,0
BRDA:464,41,1,0
BRDA:469,42,0,0
BRDA:469,42,1,0
BRDA:479,43,0,0
BRDA:479,43,1,0
BRDA:491,44,0,0
BRDA:491,44,1,0
BRDA:491,45,0,0
BRDA:491,45,1,0
BRDA:491,45,2,0
BRDA:505,46,0,0
BRDA:505,46,1,0
BRDA:510,47,0,0
BRDA:510,47,1,0
BRDA:520,48,0,0
BRDA:520,48,1,0
BRF:102
BRH:48
end_of_record
TN:
SF:models\dcsrReportsModel.js
FN:12,calculateDCSRData
FN:113,normalizeDateRange
FN:156,createDCSRReport
FN:211,getAllDCSRReports
FN:263,getDCSRReportById
FN:277,updateDCSRReport
FN:306,recalculateDCSRReport
FN:370,deleteDCSRReport
FNF:8
FNH:0
FNDA:0,calculateDCSRData
FNDA:0,normalizeDateRange
FNDA:0,createDCSRReport
FNDA:0,getAllDCSRReports
FNDA:0,getDCSRReportById
FNDA:0,updateDCSRReport
FNDA:0,recalculateDCSRReport
FNDA:0,deleteDCSRReport
DA:4,1
DA:13,0
DA:15,0
DA:16,0
DA:17,0
DA:19,0
DA:20,0
DA:23,0
DA:29,0
DA:36,0
DA:37,0
DA:40,0
DA:47,0
DA:51,0
DA:58,0
DA:61,0
DA:70,0
DA:73,0
DA:82,0
DA:85,0
DA:92,0
DA:94,0
DA:103,0
DA:114,0
DA:115,0
DA:118,0
DA:119,0
DA:121,0
DA:122,0
DA:125,0
DA:126,0
DA:129,0
DA:135,0
DA:142,0
DA:157,0
DA:159,0
DA:162,0
DA:164,0
DA:165,0
DA:167,0
DA:169,0
DA:171,0
DA:176,0
DA:177,0
DA:180,0
DA:200,0
DA:202,0
DA:219,0
DA:221,0
DA:222,0
DA:223,0
DA:225,0
DA:226,0
DA:228,0
DA:229,0
DA:230,0
DA:231,0
DA:234,0
DA:235,0
DA:236,0
DA:237,0
DA:240,0
DA:241,0
DA:242,0
DA:243,0
DA:246,0
DA:247,0
DA:248,0
DA:249,0
DA:252,0
DA:254,0
DA:255,0
DA:264,0
DA:268,0
DA:278,0
DA:280,0
DA:282,0
DA:283,0
DA:295,0
DA:297,0
DA:307,0
DA:309,0
DA:311,0
DA:316,0
DA:317,0
DA:320,0
DA:322,0
DA:324,0
DA:325,0
DA:326,0
DA:327,0
DA:330,0
DA:333,0
DA:336,0
DA:359,0
DA:361,0
DA:371,0
DA:375,0
DA:378,1
LF:99
LH:2
BRDA:16,0,0,0
BRDA:16,0,1,0
BRDA:17,1,0,0
BRDA:17,1,1,0
BRDA:19,2,0,0
BRDA:19,2,1,0
BRDA:19,3,0,0
BRDA:19,3,1,0
BRDA:47,4,0,0
BRDA:47,4,1,0
BRDA:58,5,0,0
BRDA:58,5,1,0
BRDA:70,6,0,0
BRDA:70,6,1,0
BRDA:82,7,0,0
BRDA:82,7,1,0
BRDA:92,8,0,0
BRDA:92,8,1,0
BRDA:114,9,0,0
BRDA:114,9,1,0
BRDA:114,10,0,0
BRDA:114,10,1,0
BRDA:118,11,0,0
BRDA:118,11,1,0
BRDA:119,12,0,0
BRDA:119,12,1,0
BRDA:121,13,0,0
BRDA:121,13,1,0
BRDA:121,14,0,0
BRDA:121,14,1,0
BRDA:125,15,0,0
BRDA:125,15,1,0
BRDA:176,16,0,0
BRDA:176,16,1,0
BRDA:211,17,0,0
BRDA:225,18,0,0
BRDA:225,18,1,0
BRDA:226,19,0,0
BRDA:226,19,1,0
BRDA:228,20,0,0
BRDA:228,20,1,0
BRDA:234,21,0,0
BRDA:234,21,1,0
BRDA:240,22,0,0
BRDA:240,22,1,0
BRDA:240,23,0,0
BRDA:240,23,1,0
BRDA:246,24,0,0
BRDA:246,24,1,0
BRDA:246,25,0,0
BRDA:246,25,1,0
BRDA:246,25,2,0
BRDA:316,26,0,0
BRDA:316,26,1,0
BRDA:322,27,0,0
BRDA:322,27,1,0
BRDA:322,28,0,0
BRDA:322,28,1,0
BRF:58
BRH:0
end_of_record
TN:
SF:models\operationsCommissionModel.js
FN:12,normalizeDateRange
FN:55,calculateCommissionData
FN:95,(anonymous_2)
FN:149,createReport
FN:188,getAllReports
FN:231,getReportById
FN:261,updateReport
FN:311,recalculateReport
FN:365,deleteReport
FNF:9
FNH:0
FNDA:0,normalizeDateRange
FNDA:0,calculateCommissionData
FNDA:0,(anonymous_2)
FNDA:0,createReport
FNDA:0,getAllReports
FNDA:0,getReportById
FNDA:0,updateReport
FNDA:0,recalculateReport
FNDA:0,deleteReport
DA:4,1
DA:13,0
DA:14,0
DA:17,0
DA:18,0
DA:20,0
DA:21,0
DA:24,0
DA:25,0
DA:28,0
DA:34,0
DA:41,0
DA:56,0
DA:58,0
DA:59,0
DA:62,0
DA:68,0
DA:73,0
DA:88,0
DA:89,0
DA:90,0
DA:91,0
DA:92,0
DA:95,0
DA:96,0
DA:97,0
DA:98,0
DA:100,0
DA:101,0
DA:102,0
DA:104,0
DA:105,0
DA:108,0
DA:118,0
DA:120,0
DA:121,0
DA:123,0
DA:139,0
DA:150,0
DA:151,0
DA:152,0
DA:154,0
DA:156,0
DA:177,0
DA:189,0
DA:190,0
DA:191,0
DA:193,0
DA:194,0
DA:196,0
DA:197,0
DA:198,0
DA:199,0
DA:202,0
DA:203,0
DA:204,0
DA:205,0
DA:208,0
DA:209,0
DA:210,0
DA:211,0
DA:214,0
DA:215,0
DA:216,0
DA:217,0
DA:220,0
DA:222,0
DA:223,0
DA:232,0
DA:237,0
DA:238,0
DA:241,0
DA:243,0
DA:244,0
DA:247,0
DA:249,0
DA:262,0
DA:267,0
DA:268,0
DA:271,0
DA:295,0
DA:296,0
DA:297,0
DA:298,0
DA:300,0
DA:312,0
DA:317,0
DA:318,0
DA:321,0
DA:322,0
DA:323,0
DA:324,0
DA:326,0
DA:354,0
DA:366,0
DA:371,0
DA:372,0
DA:375,0
DA:378,1
LF:99
LH:2
BRDA:13,0,0,0
BRDA:13,0,1,0
BRDA:13,1,0,0
BRDA:13,1,1,0
BRDA:17,2,0,0
BRDA:17,2,1,0
BRDA:18,3,0,0
BRDA:18,3,1,0
BRDA:20,4,0,0
BRDA:20,4,1,0
BRDA:20,5,0,0
BRDA:20,5,1,0
BRDA:24,6,0,0
BRDA:24,6,1,0
BRDA:68,7,0,0
BRDA:68,7,1,0
BRDA:96,8,0,0
BRDA:96,8,1,0
BRDA:100,9,0,0
BRDA:100,9,1,0
BRDA:188,10,0,0
BRDA:193,11,0,0
BRDA:193,11,1,0
BRDA:194,12,0,0
BRDA:194,12,1,0
BRDA:196,13,0,0
BRDA:196,13,1,0
BRDA:202,14,0,0
BRDA:202,14,1,0
BRDA:208,15,0,0
BRDA:208,15,1,0
BRDA:208,16,0,0
BRDA:208,16,1,0
BRDA:214,17,0,0
BRDA:214,17,1,0
BRDA:214,18,0,0
BRDA:214,18,1,0
BRDA:214,18,2,0
BRDA:237,19,0,0
BRDA:237,19,1,0
BRDA:243,20,0,0
BRDA:243,20,1,0
BRDA:244,21,0,0
BRDA:244,21,1,0
BRDA:267,22,0,0
BRDA:267,22,1,0
BRDA:296,23,0,0
BRDA:296,23,1,0
BRDA:297,24,0,0
BRDA:297,24,1,0
BRDA:317,25,0,0
BRDA:317,25,1,0
BRDA:322,26,0,0
BRDA:322,26,1,0
BRDA:323,27,0,0
BRDA:323,27,1,0
BRDA:371,28,0,0
BRDA:371,28,1,0
BRF:58
BRH:0
end_of_record
TN:
SF:models\operationsDailyReportModel.js
FN:11,normalizeDate
FN:41,calculateDailyData
FN:109,createReport
FN:155,getAllReports
FN:195,getReportById
FN:214,updateReport
FN:295,recalculateReport
FN:304,deleteReport
FNF:8
FNH:0
FNDA:0,normalizeDate
FNDA:0,calculateDailyData
FNDA:0,createReport
FNDA:0,getAllReports
FNDA:0,getReportById
FNDA:0,updateReport
FNDA:0,recalculateReport
FNDA:0,deleteReport
DA:4,1
DA:12,0
DA:13,0
DA:16,0
DA:18,0
DA:19,0
DA:22,0
DA:29,0
DA:42,0
DA:44,0
DA:45,0
DA:48,0
DA:53,0
DA:54,0
DA:57,0
DA:60,0
DA:66,0
DA:70,0
DA:77,0
DA:80,0
DA:87,0
DA:89,0
DA:98,0
DA:110,0
DA:113,0
DA:118,0
DA:119,0
DA:122,0
DA:124,0
DA:147,0
DA:156,0
DA:157,0
DA:158,0
DA:160,0
DA:161,0
DA:162,0
DA:163,0
DA:166,0
DA:167,0
DA:168,0
DA:169,0
DA:172,0
DA:173,0
DA:174,0
DA:175,0
DA:178,0
DA:179,0
DA:180,0
DA:181,0
DA:184,0
DA:186,0
DA:187,0
DA:196,0
DA:201,0
DA:202,0
DA:205,0
DA:215,0
DA:220,0
DA:221,0
DA:224,0
DA:225,0
DA:226,0
DA:227,0
DA:230,0
DA:231,0
DA:236,0
DA:237,0
DA:239,0
DA:240,0
DA:242,0
DA:243,0
DA:247,0
DA:248,0
DA:249,0
DA:252,0
DA:253,0
DA:254,0
DA:257,0
DA:258,0
DA:259,0
DA:262,0
DA:263,0
DA:264,0
DA:267,0
DA:268,0
DA:269,0
DA:272,0
DA:274,0
DA:277,0
DA:279,0
DA:287,0
DA:296,0
DA:305,0
DA:310,0
DA:311,0
DA:314,0
DA:317,1
LF:97
LH:2
BRDA:12,0,0,0
BRDA:12,0,1,0
BRDA:16,1,0,0
BRDA:16,1,1,0
BRDA:18,2,0,0
BRDA:18,2,1,0
BRDA:53,3,0,0
BRDA:53,3,1,0
BRDA:66,4,0,0
BRDA:66,4,1,0
BRDA:77,5,0,0
BRDA:77,5,1,0
BRDA:87,6,0,0
BRDA:87,6,1,0
BRDA:109,7,0,0
BRDA:118,8,0,0
BRDA:118,8,1,0
BRDA:139,9,0,0
BRDA:139,9,1,0
BRDA:140,10,0,0
BRDA:140,10,1,0
BRDA:141,11,0,0
BRDA:141,11,1,0
BRDA:142,12,0,0
BRDA:142,12,1,0
BRDA:143,13,0,0
BRDA:143,13,1,0
BRDA:155,14,0,0
BRDA:160,15,0,0
BRDA:160,15,1,0
BRDA:166,16,0,0
BRDA:166,16,1,0
BRDA:172,17,0,0
BRDA:172,17,1,0
BRDA:178,18,0,0
BRDA:178,18,1,0
BRDA:201,19,0,0
BRDA:201,19,1,0
BRDA:220,20,0,0
BRDA:220,20,1,0
BRDA:230,21,0,0
BRDA:230,21,1,0
BRDA:247,22,0,0
BRDA:247,22,1,0
BRDA:249,23,0,0
BRDA:249,23,1,0
BRDA:252,24,0,0
BRDA:252,24,1,0
BRDA:254,25,0,0
BRDA:254,25,1,0
BRDA:257,26,0,0
BRDA:257,26,1,0
BRDA:259,27,0,0
BRDA:259,27,1,0
BRDA:262,28,0,0
BRDA:262,28,1,0
BRDA:264,29,0,0
BRDA:264,29,1,0
BRDA:267,30,0,0
BRDA:267,30,1,0
BRDA:269,31,0,0
BRDA:269,31,1,0
BRDA:272,32,0,0
BRDA:272,32,1,0
BRDA:310,33,0,0
BRDA:310,33,1,0
BRF:66
BRH:0
end_of_record
TN:
SF:models\reportsModel.js
FN:5,ensureExternalColumnExists
FN:17,roundMoney
FN:28,(anonymous_2)
FN:179,(anonymous_3)
FN:189,(anonymous_4)
FN:257,(anonymous_5)
FN:559,(anonymous_6)
FN:651,(anonymous_7)
FN:703,(anonymous_8)
FN:730,(anonymous_9)
FN:759,(anonymous_10)
FN:781,(anonymous_11)
FN:786,(anonymous_12)
FNF:13
FNH:0
FNDA:0,ensureExternalColumnExists
FNDA:0,roundMoney
FNDA:0,(anonymous_2)
FNDA:0,(anonymous_3)
FNDA:0,(anonymous_4)
FNDA:0,(anonymous_5)
FNDA:0,(anonymous_6)
FNDA:0,(anonymous_7)
FNDA:0,(anonymous_8)
FNDA:0,(anonymous_9)
FNDA:0,(anonymous_10)
FNDA:0,(anonymous_11)
FNDA:0,(anonymous_12)
DA:2,2
DA:6,0
DA:7,0
DA:18,0
DA:30,0
DA:37,0
DA:39,0
DA:40,0
DA:41,0
DA:44,0
DA:45,0
DA:47,0
DA:48,0
DA:51,0
DA:52,0
DA:56,0
DA:62,0
DA:69,0
DA:70,0
DA:73,0
DA:78,0
DA:79,0
DA:83,0
DA:84,0
DA:87,0
DA:90,0
DA:165,0
DA:167,0
DA:168,0
DA:180,0
DA:182,0
DA:188,0
DA:189,0
DA:190,0
DA:191,0
DA:194,0
DA:195,0
DA:197,0
DA:198,0
DA:201,0
DA:207,0
DA:215,0
DA:216,0
DA:218,0
DA:221,0
DA:222,0
DA:230,0
DA:233,0
DA:241,0
DA:244,0
DA:245,0
DA:256,0
DA:257,0
DA:258,0
DA:259,0
DA:263,0
DA:264,0
DA:272,0
DA:275,0
DA:276,0
DA:290,0
DA:291,0
DA:295,0
DA:296,0
DA:297,0
DA:298,0
DA:299,0
DA:306,0
DA:310,0
DA:311,0
DA:329,0
DA:330,0
DA:346,0
DA:349,0
DA:350,0
DA:351,0
DA:354,0
DA:357,0
DA:358,0
DA:377,0
DA:378,0
DA:380,0
DA:383,0
DA:384,0
DA:387,0
DA:388,0
DA:389,0
DA:393,0
DA:395,0
DA:396,0
DA:415,0
DA:416,0
DA:434,0
DA:438,0
DA:442,0
DA:443,0
DA:462,0
DA:463,0
DA:481,0
DA:485,0
DA:486,0
DA:490,0
DA:500,0
DA:510,0
DA:524,0
DA:525,0
DA:526,0
DA:529,0
DA:531,0
DA:549,0
DA:550,0
DA:561,0
DA:563,0
DA:565,0
DA:570,0
DA:571,0
DA:574,0
DA:577,0
DA:578,0
DA:580,0
DA:582,0
DA:583,0
DA:584,0
DA:585,0
DA:588,0
DA:595,0
DA:639,0
DA:641,0
DA:642,0
DA:652,0
DA:653,0
DA:664,0
DA:665,0
DA:667,0
DA:668,0
DA:669,0
DA:670,0
DA:673,0
DA:674,0
DA:676,0
DA:677,0
DA:678,0
DA:679,0
DA:682,0
DA:683,0
DA:684,0
DA:685,0
DA:688,0
DA:690,0
DA:691,0
DA:693,0
DA:694,0
DA:704,0
DA:705,0
DA:717,0
DA:719,0
DA:720,0
DA:731,0
DA:732,0
DA:734,0
DA:743,0
DA:744,0
DA:747,0
DA:749,0
DA:750,0
DA:760,0
DA:761,0
DA:766,0
DA:767,0
DA:770,0
DA:772,0
DA:773,0
DA:782,0
DA:783,0
DA:786,0
DA:788,0
DA:789,0
DA:794,2
LF:178
LH:2
BRDA:36,0,0,0
BRDA:40,1,0,0
BRDA:40,1,1,0
BRDA:40,2,0,0
BRDA:40,2,1,0
BRDA:47,3,0,0
BRDA:47,3,1,0
BRDA:47,4,0,0
BRDA:47,4,1,0
BRDA:51,5,0,0
BRDA:51,5,1,0
BRDA:78,6,0,0
BRDA:78,6,1,0
BRDA:191,7,0,0
BRDA:191,7,1,0
BRDA:194,8,0,0
BRDA:194,8,1,0
BRDA:195,9,0,0
BRDA:195,9,1,0
BRDA:197,10,0,0
BRDA:197,10,1,0
BRDA:197,11,0,0
BRDA:197,11,1,0
BRDA:230,12,0,0
BRDA:230,12,1,0
BRDA:258,13,0,0
BRDA:258,13,1,0
BRDA:259,14,0,0
BRDA:259,14,1,0
BRDA:272,15,0,0
BRDA:272,15,1,0
BRDA:290,16,0,0
BRDA:290,16,1,0
BRDA:291,17,0,0
BRDA:291,17,1,0
BRDA:295,18,0,0
BRDA:295,18,1,0
BRDA:296,19,0,0
BRDA:296,19,1,0
BRDA:297,20,0,0
BRDA:297,20,1,0
BRDA:298,21,0,0
BRDA:298,21,1,0
BRDA:299,22,0,0
BRDA:299,22,1,0
BRDA:329,23,0,0
BRDA:329,23,1,0
BRDA:329,24,0,0
BRDA:329,24,1,0
BRDA:349,25,0,0
BRDA:349,25,1,0
BRDA:350,26,0,0
BRDA:350,26,1,0
BRDA:377,27,0,0
BRDA:377,27,1,0
BRDA:377,28,0,0
BRDA:377,28,1,0
BRDA:377,28,2,0
BRDA:377,28,3,0
BRDA:383,29,0,0
BRDA:383,29,1,0
BRDA:384,30,0,0
BRDA:384,30,1,0
BRDA:389,31,0,0
BRDA:389,31,1,0
BRDA:415,32,0,0
BRDA:415,32,1,0
BRDA:415,33,0,0
BRDA:415,33,1,0
BRDA:438,34,0,0
BRDA:438,34,1,0
BRDA:462,35,0,0
BRDA:462,35,1,0
BRDA:462,36,0,0
BRDA:462,36,1,0
BRDA:485,37,0,0
BRDA:485,37,1,0
BRDA:486,38,0,0
BRDA:486,38,1,0
BRDA:524,39,0,0
BRDA:524,39,1,0
BRDA:570,40,0,0
BRDA:570,40,1,0
BRDA:580,41,0,0
BRDA:580,41,1,0
BRDA:580,42,0,0
BRDA:580,42,1,0
BRDA:651,43,0,0
BRDA:667,44,0,0
BRDA:667,44,1,0
BRDA:673,45,0,0
BRDA:673,45,1,0
BRDA:674,46,0,0
BRDA:674,46,1,0
BRDA:676,47,0,0
BRDA:676,47,1,0
BRDA:682,48,0,0
BRDA:682,48,1,0
BRDA:743,49,0,0
BRDA:743,49,1,0
BRDA:766,50,0,0
BRDA:766,50,1,0
BRF:102
BRH:0
end_of_record
TN:
SF:models\saleRentSourceReportModel.js
FN:7,roundMoney
FN:19,getSaleRentSourceData
FN:131,(anonymous_2)
FNF:3
FNH:0
FNDA:0,roundMoney
FNDA:0,getSaleRentSourceData
FNDA:0,(anonymous_2)
DA:4,2
DA:8,0
DA:20,0
DA:21,0
DA:23,0
DA:24,0
DA:27,0
DA:29,0
DA:31,0
DA:32,0
DA:34,0
DA:35,0
DA:38,0
DA:39,0
DA:42,0
DA:48,0
DA:55,0
DA:56,0
DA:59,0
DA:65,0
DA:74,0
DA:128,0
DA:131,0
DA:132,0
DA:133,0
DA:135,0
DA:136,0
DA:137,0
DA:138,0
DA:141,0
DA:153,0
DA:155,0
DA:159,2
LF:33
LH:2
BRDA:20,0,0,0
BRDA:20,0,1,0
BRDA:23,1,0,0
BRDA:23,1,1,0
BRDA:23,2,0,0
BRDA:23,2,1,0
BRDA:34,3,0,0
BRDA:34,3,1,0
BRDA:34,4,0,0
BRDA:34,4,1,0
BRDA:38,5,0,0
BRDA:38,5,1,0
BRDA:65,6,0,0
BRDA:65,6,1,0
BRDA:128,7,0,0
BRDA:128,7,1,0
BRDA:132,8,0,0
BRDA:132,8,1,0
BRDA:133,9,0,0
BRDA:133,9,1,0
BRDA:136,10,0,0
BRDA:136,10,1,0
BRDA:138,11,0,0
BRDA:138,11,1,0
BRDA:138,12,0,0
BRDA:138,12,1,0
BRF:26
BRH:0
end_of_record
TN:
SF:utils\dcsrReportExporter.js
FN:7,exportDCSRToExcel
FN:37,(anonymous_1)
FN:52,(anonymous_2)
FN:86,exportDCSRToPDF
FN:87,(anonymous_4)
FN:92,(anonymous_5)
FN:93,(anonymous_6)
FN:110,(anonymous_7)
FN:129,(anonymous_8)
FNF:9
FNH:0
FNDA:0,exportDCSRToExcel
FNDA:0,(anonymous_1)
FNDA:0,(anonymous_2)
FNDA:0,exportDCSRToPDF
FNDA:0,(anonymous_4)
FNDA:0,(anonymous_5)
FNDA:0,(anonymous_6)
FNDA:0,(anonymous_7)
FNDA:0,(anonymous_8)
DA:1,1
DA:2,1
DA:8,0
DA:9,0
DA:12,0
DA:18,0
DA:19,0
DA:20,0
DA:21,0
DA:22,0
DA:25,0
DA:26,0
DA:27,0
DA:28,0
DA:29,0
DA:30,0
DA:31,0
DA:32,0
DA:34,0
DA:37,0
DA:39,0
DA:40,0
DA:41,0
DA:42,0
DA:43,0
DA:48,0
DA:49,0
DA:52,0
DA:53,0
DA:54,0
DA:55,0
DA:56,0
DA:59,0
DA:63,0
DA:69,0
DA:75,0
DA:80,0
DA:87,0
DA:88,0
DA:89,0
DA:90,0
DA:92,0
DA:93,0
DA:94,0
DA:96,0
DA:97,0
DA:98,0
DA:101,0
DA:103,0
DA:104,0
DA:106,0
DA:107,0
DA:110,0
DA:111,0
DA:112,0
DA:113,0
DA:114,0
DA:117,0
DA:121,0
DA:125,0
DA:126,0
DA:129,0
DA:130,0
DA:131,0
DA:134,0
DA:138,0
DA:142,0
DA:145,0
DA:149,0
DA:155,0
DA:161,0
DA:166,0
DA:167,0
DA:173,0
DA:175,0
DA:180,1
LF:76
LH:3
BRDA:27,0,0,0
BRDA:27,0,1,0
BRDA:28,1,0,0
BRDA:28,1,1,0
BRDA:37,2,0,0
BRDA:96,3,0,0
BRDA:96,3,1,0
BRDA:97,4,0,0
BRDA:97,4,1,0
BRDA:110,5,0,0
BRF:10
BRH:0
end_of_record
TN:
SF:utils\operationsCommissionExporter.js
FN:7,exportOperationsCommissionToExcel
FN:62,(anonymous_1)
FN:106,(anonymous_2)
FN:119,(anonymous_3)
FN:141,exportOperationsCommissionToPDF
FN:142,(anonymous_5)
FN:147,(anonymous_6)
FN:148,(anonymous_7)
FN:165,(anonymous_8)
FN:184,(anonymous_9)
FN:232,(anonymous_10)
FN:246,(anonymous_11)
FN:249,(anonymous_12)
FNF:13
FNH:0
FNDA:0,exportOperationsCommissionToExcel
FNDA:0,(anonymous_1)
FNDA:0,(anonymous_2)
FNDA:0,(anonymous_3)
FNDA:0,exportOperationsCommissionToPDF
FNDA:0,(anonymous_5)
FNDA:0,(anonymous_6)
FNDA:0,(anonymous_7)
FNDA:0,(anonymous_8)
FNDA:0,(anonymous_9)
FNDA:0,(anonymous_10)
FNDA:0,(anonymous_11)
FNDA:0,(anonymous_12)
DA:1,1
DA:2,1
DA:8,0
DA:9,0
DA:12,0
DA:21,0
DA:22,0
DA:23,0
DA:24,0
DA:25,0
DA:28,0
DA:29,0
DA:30,0
DA:31,0
DA:32,0
DA:33,0
DA:34,0
DA:35,0
DA:37,0
DA:40,0
DA:41,0
DA:42,0
DA:43,0
DA:44,0
DA:49,0
DA:50,0
DA:53,0
DA:62,0
DA:63,0
DA:64,0
DA:65,0
DA:66,0
DA:67,0
DA:69,0
DA:70,0
DA:73,0
DA:74,0
DA:75,0
DA:76,0
DA:81,0
DA:82,0
DA:85,0
DA:88,0
DA:91,0
DA:92,0
DA:93,0
DA:94,0
DA:95,0
DA:96,0
DA:101,0
DA:102,0
DA:105,0
DA:106,0
DA:107,0
DA:108,0
DA:109,0
DA:110,0
DA:116,0
DA:119,0
DA:120,0
DA:121,0
DA:122,0
DA:123,0
DA:124,0
DA:126,0
DA:127,0
DA:128,0
DA:130,0
DA:135,0
DA:142,0
DA:143,0
DA:144,0
DA:145,0
DA:147,0
DA:148,0
DA:149,0
DA:151,0
DA:152,0
DA:153,0
DA:156,0
DA:158,0
DA:159,0
DA:161,0
DA:162,0
DA:165,0
DA:166,0
DA:167,0
DA:168,0
DA:169,0
DA:172,0
DA:176,0
DA:180,0
DA:181,0
DA:184,0
DA:185,0
DA:186,0
DA:187,0
DA:190,0
DA:191,0
DA:196,0
DA:200,0
DA:204,0
DA:207,0
DA:211,0
DA:221,0
DA:222,0
DA:224,0
DA:226,0
DA:227,0
DA:228,0
DA:231,0
DA:232,0
DA:235,0
DA:236,0
DA:237,0
DA:238,0
DA:239,0
DA:240,0
DA:242,0
DA:245,0
DA:246,0
DA:248,0
DA:249,0
DA:253,0
DA:254,0
DA:255,0
DA:256,0
DA:257,0
DA:258,0
DA:260,0
DA:263,0
DA:264,0
DA:265,0
DA:271,0
DA:272,0
DA:278,0
DA:280,0
DA:285,1
LF:138
LH:3
BRDA:30,0,0,0
BRDA:30,0,1,0
BRDA:31,1,0,0
BRDA:31,1,1,0
BRDA:73,2,0,0
BRDA:73,2,1,0
BRDA:91,3,0,0
BRDA:91,3,1,0
BRDA:91,4,0,0
BRDA:91,4,1,0
BRDA:121,5,0,0
BRDA:121,5,1,0
BRDA:151,6,0,0
BRDA:151,6,1,0
BRDA:152,7,0,0
BRDA:152,7,1,0
BRDA:165,8,0,0
BRDA:165,9,0,0
BRDA:190,10,0,0
BRDA:190,10,1,0
BRDA:190,11,0,0
BRDA:190,11,1,0
BRDA:200,12,0,0
BRDA:200,12,1,0
BRDA:200,13,0,0
BRDA:200,13,1,0
BRDA:221,14,0,0
BRDA:221,14,1,0
BRDA:221,15,0,0
BRDA:221,15,1,0
BRDA:248,16,0,0
BRDA:248,16,1,0
BRDA:255,17,0,0
BRDA:255,17,1,0
BRDA:263,18,0,0
BRDA:263,18,1,0
BRF:36
BRH:0
end_of_record
TN:
SF:utils\operationsDailyExporter.js
FN:7,exportOperationsDailyToExcel
FN:57,(anonymous_1)
FN:87,(anonymous_2)
FN:105,exportOperationsDailyToPDF
FN:106,(anonymous_4)
FN:111,(anonymous_5)
FN:112,(anonymous_6)
FN:128,(anonymous_7)
FN:147,(anonymous_8)
FNF:9
FNH:0
FNDA:0,exportOperationsDailyToExcel
FNDA:0,(anonymous_1)
FNDA:0,(anonymous_2)
FNDA:0,exportOperationsDailyToPDF
FNDA:0,(anonymous_4)
FNDA:0,(anonymous_5)
FNDA:0,(anonymous_6)
FNDA:0,(anonymous_7)
FNDA:0,(anonymous_8)
DA:1,1
DA:2,1
DA:8,0
DA:9,0
DA:12,0
DA:18,0
DA:19,0
DA:20,0
DA:21,0
DA:22,0
DA:25,0
DA:26,0
DA:27,0
DA:28,0
DA:29,0
DA:30,0
DA:31,0
DA:33,0
DA:36,0
DA:37,0
DA:38,0
DA:39,0
DA:40,0
DA:45,0
DA:46,0
DA:49,0
DA:51,0
DA:57,0
DA:58,0
DA:59,0
DA:60,0
DA:61,0
DA:64,0
DA:67,0
DA:68,0
DA:69,0
DA:70,0
DA:71,0
DA:76,0
DA:77,0
DA:79,0
DA:87,0
DA:88,0
DA:89,0
DA:90,0
DA:92,0
DA:93,0
DA:95,0
DA:99,0
DA:106,0
DA:107,0
DA:108,0
DA:109,0
DA:111,0
DA:112,0
DA:113,0
DA:115,0
DA:116,0
DA:119,0
DA:121,0
DA:122,0
DA:124,0
DA:125,0
DA:128,0
DA:129,0
DA:130,0
DA:131,0
DA:132,0
DA:135,0
DA:139,0
DA:143,0
DA:144,0
DA:147,0
DA:148,0
DA:149,0
DA:152,0
DA:156,0
DA:157,0
DA:161,0
DA:164,0
DA:168,0
DA:171,0
DA:178,0
DA:187,0
DA:188,0
DA:194,0
DA:196,0
DA:201,1
LF:88
LH:3
BRDA:49,0,0,0
BRDA:49,0,1,0
BRDA:53,1,0,0
BRDA:53,1,1,0
BRDA:80,2,0,0
BRDA:80,2,1,0
BRDA:81,3,0,0
BRDA:81,3,1,0
BRDA:82,4,0,0
BRDA:82,4,1,0
BRDA:83,5,0,0
BRDA:83,5,1,0
BRDA:84,6,0,0
BRDA:84,6,1,0
BRDA:92,7,0,0
BRDA:92,7,1,0
BRDA:92,8,0,0
BRDA:92,8,1,0
BRDA:128,9,0,0
BRDA:156,10,0,0
BRDA:156,10,1,0
BRDA:158,11,0,0
BRDA:158,11,1,0
BRDA:168,12,0,0
BRDA:168,12,1,0
BRDA:173,13,0,0
BRDA:173,13,1,0
BRDA:179,14,0,0
BRDA:179,14,1,0
BRDA:180,15,0,0
BRDA:180,15,1,0
BRDA:181,16,0,0
BRDA:181,16,1,0
BRDA:182,17,0,0
BRDA:182,17,1,0
BRDA:183,18,0,0
BRDA:183,18,1,0
BRF:37
BRH:0
end_of_record
TN:
SF:utils\reportExporter.js
FN:7,exportToExcel
FN:37,(anonymous_1)
FN:52,(anonymous_2)
FN:88,(anonymous_3)
FN:116,exportToPDF
FN:117,(anonymous_5)
FN:122,(anonymous_6)
FN:123,(anonymous_7)
FN:142,(anonymous_8)
FN:161,(anonymous_9)
FN:199,(anonymous_10)
FN:200,(anonymous_11)
FNF:12
FNH:0
FNDA:0,exportToExcel
FNDA:0,(anonymous_1)
FNDA:0,(anonymous_2)
FNDA:0,(anonymous_3)
FNDA:0,exportToPDF
FNDA:0,(anonymous_5)
FNDA:0,(anonymous_6)
FNDA:0,(anonymous_7)
FNDA:0,(anonymous_8)
FNDA:0,(anonymous_9)
FNDA:0,(anonymous_10)
FNDA:0,(anonymous_11)
DA:1,2
DA:2,2
DA:8,0
DA:9,0
DA:12,0
DA:18,0
DA:19,0
DA:20,0
DA:21,0
DA:22,0
DA:25,0
DA:26,0
DA:27,0
DA:28,0
DA:29,0
DA:30,0
DA:31,0
DA:32,0
DA:34,0
DA:37,0
DA:39,0
DA:40,0
DA:41,0
DA:42,0
DA:43,0
DA:48,0
DA:49,0
DA:52,0
DA:53,0
DA:54,0
DA:55,0
DA:56,0
DA:59,0
DA:60,0
DA:61,0
DA:62,0
DA:67,0
DA:68,0
DA:71,0
DA:74,0
DA:78,0
DA:87,0
DA:88,0
DA:89,0
DA:93,0
DA:104,0
DA:110,0
DA:117,0
DA:118,0
DA:119,0
DA:120,0
DA:122,0
DA:123,0
DA:124,0
DA:126,0
DA:127,0
DA:128,0
DA:131,0
DA:133,0
DA:134,0
DA:135,0
DA:136,0
DA:138,0
DA:139,0
DA:142,0
DA:143,0
DA:144,0
DA:145,0
DA:146,0
DA:149,0
DA:153,0
DA:157,0
DA:158,0
DA:161,0
DA:162,0
DA:163,0
DA:164,0
DA:167,0
DA:168,0
DA:173,0
DA:177,0
DA:181,0
DA:184,0
DA:188,0
DA:197,0
DA:198,0
DA:199,0
DA:200,0
DA:201,0
DA:205,0
DA:216,0
DA:222,0
DA:223,0
DA:229,0
DA:231,0
DA:236,2
LF:96
LH:3
BRDA:27,0,0,0
BRDA:27,0,1,0
BRDA:28,1,0,0
BRDA:28,1,1,0
BRDA:37,2,0,0
BRDA:59,3,0,0
BRDA:59,3,1,0
BRDA:59,4,0,0
BRDA:59,4,1,0
BRDA:87,5,0,0
BRDA:87,5,1,0
BRDA:87,6,0,0
BRDA:87,6,1,0
BRDA:99,7,0,0
BRDA:99,7,1,0
BRDA:99,8,0,0
BRDA:99,8,1,0
BRDA:105,9,0,0
BRDA:105,9,1,0
BRDA:106,10,0,0
BRDA:106,10,1,0
BRDA:126,11,0,0
BRDA:126,11,1,0
BRDA:127,12,0,0
BRDA:127,12,1,0
BRDA:142,13,0,0
BRDA:142,14,0,0
BRDA:167,15,0,0
BRDA:167,15,1,0
BRDA:167,16,0,0
BRDA:167,16,1,0
BRDA:177,17,0,0
BRDA:177,17,1,0
BRDA:177,18,0,0
BRDA:177,18,1,0
BRDA:197,19,0,0
BRDA:197,19,1,0
BRDA:197,20,0,0
BRDA:197,20,1,0
BRDA:211,21,0,0
BRDA:211,21,1,0
BRDA:211,22,0,0
BRDA:211,22,1,0
BRDA:217,23,0,0
BRDA:217,23,1,0
BRDA:218,24,0,0
BRDA:218,24,1,0
BRF:47
BRH:0
end_of_record
TN:
SF:utils\saleRentSourceReportExporter.js
FN:13,exportSaleRentSourceToExcel
FN:18,(anonymous_1)
FN:68,(anonymous_2)
FN:78,(anonymous_3)
FN:113,exportSaleRentSourceToPDF
FN:114,(anonymous_5)
FN:119,(anonymous_6)
FN:120,(anonymous_7)
FN:136,(anonymous_8)
FN:165,(anonymous_9)
FN:167,(anonymous_10)
FN:186,(anonymous_11)
FNF:12
FNH:0
FNDA:0,exportSaleRentSourceToExcel
FNDA:0,(anonymous_1)
FNDA:0,(anonymous_2)
FNDA:0,(anonymous_3)
FNDA:0,exportSaleRentSourceToPDF
FNDA:0,(anonymous_5)
FNDA:0,(anonymous_6)
FNDA:0,(anonymous_7)
FNDA:0,(anonymous_8)
FNDA:0,(anonymous_9)
FNDA:0,(anonymous_10)
FNDA:0,(anonymous_11)
DA:1,2
DA:2,2
DA:14,0
DA:15,0
DA:18,0
DA:19,0
DA:20,0
DA:22,0
DA:23,0
DA:26,0
DA:27,0
DA:28,0
DA:29,0
DA:30,0
DA:31,0
DA:34,0
DA:35,0
DA:36,0
DA:38,0
DA:42,0
DA:53,0
DA:54,0
DA:55,0
DA:56,0
DA:57,0
DA:60,0
DA:61,0
DA:62,0
DA:63,0
DA:64,0
DA:67,0
DA:68,0
DA:69,0
DA:70,0
DA:77,0
DA:78,0
DA:79,0
DA:88,0
DA:89,0
DA:98,0
DA:101,0
DA:114,0
DA:115,0
DA:116,0
DA:117,0
DA:119,0
DA:120,0
DA:121,0
DA:124,0
DA:127,0
DA:128,0
DA:129,0
DA:130,0
DA:133,0
DA:136,0
DA:137,0
DA:138,0
DA:140,0
DA:141,0
DA:144,0
DA:145,0
DA:146,0
DA:147,0
DA:148,0
DA:149,0
DA:152,0
DA:153,0
DA:154,0
DA:156,0
DA:161,0
DA:162,0
DA:163,0
DA:165,0
DA:166,0
DA:167,0
DA:168,0
DA:169,0
DA:170,0
DA:171,0
DA:173,0
DA:174,0
DA:178,0
DA:180,0
DA:183,0
DA:186,0
DA:187,0
DA:188,0
DA:189,0
DA:190,0
DA:192,0
DA:203,0
DA:205,0
DA:210,2
LF:93
LH:3
BRDA:19,0,0,0
BRDA:19,0,1,0
BRDA:22,1,0,0
BRDA:22,1,1,0
BRDA:22,2,0,0
BRDA:22,2,1,0
BRDA:27,3,0,0
BRDA:27,3,1,0
BRDA:34,4,0,0
BRDA:34,4,1,0
BRDA:35,5,0,0
BRDA:35,5,1,0
BRDA:137,6,0,0
BRDA:137,6,1,0
BRDA:140,7,0,0
BRDA:140,7,1,0
BRDA:140,8,0,0
BRDA:140,8,1,0
BRDA:145,9,0,0
BRDA:145,9,1,0
BRDA:152,10,0,0
BRDA:152,10,1,0
BRDA:153,11,0,0
BRDA:153,11,1,0
BRDA:165,12,0,0
BRDA:169,13,0,0
BRDA:169,13,1,0
BRDA:173,14,0,0
BRDA:173,14,1,0
BRDA:187,15,0,0
BRDA:187,15,1,0
BRF:31
BRH:0
end_of_record
